<?xml version="1.0" encoding="UTF-8" ?>
<testsuites name="vitest tests" tests="1867" failures="0" errors="0" time="10.847941042">
    <testsuite name="app/hooks/__tests__/SSRHydration.test.ts" timestamp="2025-08-11T17:20:20.378Z" hostname="Mac.HOME" tests="12" failures="0" errors="0" skipped="0" time="0.003174917">
        <testcase classname="app/hooks/__tests__/SSRHydration.test.ts" name="SSR/Hydration Scenarios &gt; Breakpoint Safety &gt; should have correct media query strings regardless of environment" time="0.000869959">
        </testcase>
        <testcase classname="app/hooks/__tests__/SSRHydration.test.ts" name="SSR/Hydration Scenarios &gt; Breakpoint Safety &gt; should handle window access gracefully" time="0.000475208">
        </testcase>
        <testcase classname="app/hooks/__tests__/SSRHydration.test.ts" name="SSR/Hydration Scenarios &gt; Client-Side Hydration &gt; should properly detect desktop breakpoints on client" time="0.000121833">
        </testcase>
        <testcase classname="app/hooks/__tests__/SSRHydration.test.ts" name="SSR/Hydration Scenarios &gt; Client-Side Hydration &gt; should properly detect mobile breakpoints on client" time="0.000095375">
        </testcase>
        <testcase classname="app/hooks/__tests__/SSRHydration.test.ts" name="SSR/Hydration Scenarios &gt; Client-Side Hydration &gt; should properly detect tablet breakpoints on client" time="0.000092792">
        </testcase>
        <testcase classname="app/hooks/__tests__/SSRHydration.test.ts" name="SSR/Hydration Scenarios &gt; Hydration Consistency &gt; should maintain consistent breakpoint behavior between SSR and client" time="0.000106792">
        </testcase>
        <testcase classname="app/hooks/__tests__/SSRHydration.test.ts" name="SSR/Hydration Scenarios &gt; Hydration Consistency &gt; should handle viewport changes during runtime" time="0.000120375">
        </testcase>
        <testcase classname="app/hooks/__tests__/SSRHydration.test.ts" name="SSR/Hydration Scenarios &gt; Media Query Consistency &gt; should have CSS media queries that match JavaScript breakpoint logic" time="0.000084292">
        </testcase>
        <testcase classname="app/hooks/__tests__/SSRHydration.test.ts" name="SSR/Hydration Scenarios &gt; Media Query Consistency &gt; should have consistent breakpoint values between constants and functions" time="0.000114667">
        </testcase>
        <testcase classname="app/hooks/__tests__/SSRHydration.test.ts" name="SSR/Hydration Scenarios &gt; Extreme Viewport Scenarios &gt; should handle very small viewports" time="0.000199083">
        </testcase>
        <testcase classname="app/hooks/__tests__/SSRHydration.test.ts" name="SSR/Hydration Scenarios &gt; Extreme Viewport Scenarios &gt; should handle very large viewports" time="0.00014125">
        </testcase>
        <testcase classname="app/hooks/__tests__/SSRHydration.test.ts" name="SSR/Hydration Scenarios &gt; Extreme Viewport Scenarios &gt; should handle zero or negative viewport widths" time="0.000106958">
        </testcase>
    </testsuite>
    <testsuite name="app/hooks/__tests__/useScrollDirection.test.ts" timestamp="2025-08-11T17:20:20.380Z" hostname="Mac.HOME" tests="21" failures="0" errors="0" skipped="0" time="0.052709667">
        <testcase classname="app/hooks/__tests__/useScrollDirection.test.ts" name="useScrollDirection &gt; initialization &gt; should initialize with showHeader true" time="0.005859417">
        </testcase>
        <testcase classname="app/hooks/__tests__/useScrollDirection.test.ts" name="useScrollDirection &gt; initialization &gt; should return the expected interface" time="0.000699084">
        </testcase>
        <testcase classname="app/hooks/__tests__/useScrollDirection.test.ts" name="useScrollDirection &gt; desktop behavior &gt; should always show header on desktop regardless of scroll" time="0.000516708">
        </testcase>
        <testcase classname="app/hooks/__tests__/useScrollDirection.test.ts" name="useScrollDirection &gt; mobile behavior &gt; should initialize with header visible on mobile" time="0.00089875">
        </testcase>
        <testcase classname="app/hooks/__tests__/useScrollDirection.test.ts" name="useScrollDirection &gt; mobile behavior &gt; should handle mobile detection properly" time="0.000541875">
        </testcase>
        <testcase classname="app/hooks/__tests__/useScrollDirection.test.ts" name="useScrollDirection &gt; mobile behavior &gt; should set up event listeners for mobile" time="0.002422541">
        </testcase>
        <testcase classname="app/hooks/__tests__/useScrollDirection.test.ts" name="useScrollDirection &gt; threshold handling &gt; should accept different threshold values" time="0.0008445">
        </testcase>
        <testcase classname="app/hooks/__tests__/useScrollDirection.test.ts" name="useScrollDirection &gt; threshold handling &gt; should handle zero threshold" time="0.000361833">
        </testcase>
        <testcase classname="app/hooks/__tests__/useScrollDirection.test.ts" name="useScrollDirection &gt; threshold handling &gt; should handle negative threshold gracefully" time="0.00036725">
        </testcase>
        <testcase classname="app/hooks/__tests__/useScrollDirection.test.ts" name="useScrollDirection &gt; threshold handling &gt; should work with undefined threshold (use default)" time="0.000307">
        </testcase>
        <testcase classname="app/hooks/__tests__/useScrollDirection.test.ts" name="useScrollDirection &gt; edge cases &gt; should handle overscroll gracefully" time="0.000290625">
        </testcase>
        <testcase classname="app/hooks/__tests__/useScrollDirection.test.ts" name="useScrollDirection &gt; edge cases &gt; should handle insufficient content height" time="0.000273958">
        </testcase>
        <testcase classname="app/hooks/__tests__/useScrollDirection.test.ts" name="useScrollDirection &gt; bounce detection &gt; should set up touch event listeners for bounce detection" time="0.000515667">
        </testcase>
        <testcase classname="app/hooks/__tests__/useScrollDirection.test.ts" name="useScrollDirection &gt; bounce detection &gt; should detect bounce at bottom and prevent navigation animation" time="0.02307525">
            <system-err>
[Console Error]: An update to %s inside a test was not wrapped in act(...).

When testing, code that causes React state updates should be wrapped into act(...):

act(() =&gt; {
  /* fire events that update state */
});
/* assert on the output */

This ensures that you&apos;re testing the behavior the user would see in the browser. Learn more at https://react.dev/link/wrap-tests-with-act

            </system-err>
        </testcase>
        <testcase classname="app/hooks/__tests__/useScrollDirection.test.ts" name="useScrollDirection &gt; bounce detection &gt; should handle touch events for bounce detection" time="0.006056875">
        </testcase>
        <testcase classname="app/hooks/__tests__/useScrollDirection.test.ts" name="useScrollDirection &gt; bounce detection &gt; should NOT change header state when bouncing at bottom" time="0.005207333">
            <system-err>
[Console Error]: An update to %s inside a test was not wrapped in act(...).

When testing, code that causes React state updates should be wrapped into act(...):

act(() =&gt; {
  /* fire events that update state */
});
/* assert on the output */

This ensures that you&apos;re testing the behavior the user would see in the browser. Learn more at https://react.dev/link/wrap-tests-with-act

            </system-err>
        </testcase>
        <testcase classname="app/hooks/__tests__/useScrollDirection.test.ts" name="useScrollDirection &gt; bounce detection &gt; should work with normal scroll behavior (simplified test)" time="0.001671458">
        </testcase>
        <testcase classname="app/hooks/__tests__/useScrollDirection.test.ts" name="useScrollDirection &gt; bounce detection &gt; should reset bounce state on touch end" time="0.000508792">
        </testcase>
        <testcase classname="app/hooks/__tests__/useScrollDirection.test.ts" name="useScrollDirection &gt; bounce detection &gt; should handle overscroll behavior (scroll past maximum)" time="0.000441417">
            <system-err>
[Console Error]: An update to %s inside a test was not wrapped in act(...).

When testing, code that causes React state updates should be wrapped into act(...):

act(() =&gt; {
  /* fire events that update state */
});
/* assert on the output */

This ensures that you&apos;re testing the behavior the user would see in the browser. Learn more at https://react.dev/link/wrap-tests-with-act

            </system-err>
        </testcase>
        <testcase classname="app/hooks/__tests__/useScrollDirection.test.ts" name="useScrollDirection &gt; cleanup &gt; should clean up event listeners on unmount" time="0.000672875">
        </testcase>
        <testcase classname="app/hooks/__tests__/useScrollDirection.test.ts" name="useScrollDirection &gt; cleanup &gt; should cancel pending animation frames on unmount" time="0.000316917">
        </testcase>
    </testsuite>
    <testsuite name="app/hooks/__tests__/useTournamentFilter.test.ts" timestamp="2025-08-11T17:20:20.381Z" hostname="Mac.HOME" tests="19" failures="0" errors="0" skipped="0" time="0.013150875">
        <testcase classname="app/hooks/__tests__/useTournamentFilter.test.ts" name="useTournamentFilter &gt; tournamentOptions generation &gt; should generate correct tournament options with &quot;All tournaments&quot; option" time="0.005576125">
        </testcase>
        <testcase classname="app/hooks/__tests__/useTournamentFilter.test.ts" name="useTournamentFilter &gt; tournamentOptions generation &gt; should handle empty tournament list" time="0.000602375">
        </testcase>
        <testcase classname="app/hooks/__tests__/useTournamentFilter.test.ts" name="useTournamentFilter &gt; tournamentOptions generation &gt; should handle tournaments with special characters in names" time="0.000459083">
        </testcase>
        <testcase classname="app/hooks/__tests__/useTournamentFilter.test.ts" name="useTournamentFilter &gt; selectedValue determination &gt; should return &quot;all&quot; when no tournament is selected" time="0.000447459">
        </testcase>
        <testcase classname="app/hooks/__tests__/useTournamentFilter.test.ts" name="useTournamentFilter &gt; selectedValue determination &gt; should return tournament ID when selectedTournamentId is provided" time="0.000475375">
        </testcase>
        <testcase classname="app/hooks/__tests__/useTournamentFilter.test.ts" name="useTournamentFilter &gt; selectedValue determination &gt; should return &quot;all&quot; when selectedTournamentId does not exist in tournament list" time="0.000362208">
        </testcase>
        <testcase classname="app/hooks/__tests__/useTournamentFilter.test.ts" name="useTournamentFilter &gt; selectedValue determination &gt; should return &quot;all&quot; when selectedTournamentId is empty string" time="0.000335916">
        </testcase>
        <testcase classname="app/hooks/__tests__/useTournamentFilter.test.ts" name="useTournamentFilter &gt; onChange navigation &gt; should navigate to empty string when &quot;all&quot; is selected" time="0.000654208">
        </testcase>
        <testcase classname="app/hooks/__tests__/useTournamentFilter.test.ts" name="useTournamentFilter &gt; onChange navigation &gt; should navigate with tournament parameter when tournament is selected" time="0.000374542">
        </testcase>
        <testcase classname="app/hooks/__tests__/useTournamentFilter.test.ts" name="useTournamentFilter &gt; onChange navigation &gt; should handle navigation with no existing search params" time="0.000385209">
        </testcase>
        <testcase classname="app/hooks/__tests__/useTournamentFilter.test.ts" name="useTournamentFilter &gt; onChange navigation &gt; should replace existing tournament parameter when changing selection" time="0.000301917">
        </testcase>
        <testcase classname="app/hooks/__tests__/useTournamentFilter.test.ts" name="useTournamentFilter &gt; onChange navigation &gt; should preserve other search parameters when removing tournament filter" time="0.000221333">
        </testcase>
        <testcase classname="app/hooks/__tests__/useTournamentFilter.test.ts" name="useTournamentFilter &gt; edge cases and error handling &gt; should handle navigation errors gracefully" time="0.00031025">
        </testcase>
        <testcase classname="app/hooks/__tests__/useTournamentFilter.test.ts" name="useTournamentFilter &gt; edge cases and error handling &gt; should handle malformed search params" time="0.000385292">
        </testcase>
        <testcase classname="app/hooks/__tests__/useTournamentFilter.test.ts" name="useTournamentFilter &gt; edge cases and error handling &gt; should handle null/undefined tournament list items" time="0.000183792">
        </testcase>
        <testcase classname="app/hooks/__tests__/useTournamentFilter.test.ts" name="useTournamentFilter &gt; re-rendering behavior &gt; should update options when tournament list changes" time="0.000432125">
        </testcase>
        <testcase classname="app/hooks/__tests__/useTournamentFilter.test.ts" name="useTournamentFilter &gt; re-rendering behavior &gt; should update selected value when selectedTournamentId changes" time="0.000218959">
        </testcase>
        <testcase classname="app/hooks/__tests__/useTournamentFilter.test.ts" name="useTournamentFilter &gt; performance considerations &gt; should memoize tournament options to avoid unnecessary recalculations" time="0.00029925">
        </testcase>
        <testcase classname="app/hooks/__tests__/useTournamentFilter.test.ts" name="useTournamentFilter &gt; performance considerations &gt; should handle large tournament lists efficiently" time="0.000336125">
        </testcase>
    </testsuite>
    <testsuite name="test/routes/_index.test.tsx" timestamp="2025-08-11T17:20:20.382Z" hostname="Mac.HOME" tests="8" failures="0" errors="0" skipped="0" time="0.047979833">
        <testcase classname="test/routes/_index.test.tsx" name="Home Page (_index) &gt; View Teams Button Routing &gt; should route to public teams page for non-authenticated users" time="0.014224709">
        </testcase>
        <testcase classname="test/routes/_index.test.tsx" name="Home Page (_index) &gt; View Teams Button Routing &gt; should route to public teams page for PUBLIC users only" time="0.001611209">
        </testcase>
        <testcase classname="test/routes/_index.test.tsx" name="Home Page (_index) &gt; View Teams Button Routing &gt; should route to admin teams page for users with admin panel access" time="0.002076958">
        </testcase>
        <testcase classname="test/routes/_index.test.tsx" name="Home Page (_index) &gt; View Teams Button Routing &gt; should route to admin teams page for admin users" time="0.001861875">
        </testcase>
        <testcase classname="test/routes/_index.test.tsx" name="Home Page (_index) &gt; View Teams Button Routing &gt; should route based on user role with comprehensive test matrix" time="0.005667416">
        </testcase>
        <testcase classname="test/routes/_index.test.tsx" name="Home Page (_index) &gt; Page Structure &gt; should render main elements correctly" time="0.008088042">
        </testcase>
        <testcase classname="test/routes/_index.test.tsx" name="Home Page (_index) &gt; Page Structure &gt; should render View Teams button with correct styling" time="0.001355125">
        </testcase>
        <testcase classname="test/routes/_index.test.tsx" name="Home Page (_index) &gt; Consistency with AppBar &gt; should use same routing logic as AppBar Teams menu item" time="0.008272792">
        </testcase>
    </testsuite>
    <testsuite name="test/routes/about.test.tsx" timestamp="2025-08-11T17:20:20.382Z" hostname="Mac.HOME" tests="13" failures="0" errors="0" skipped="0" time="0.041326209">
        <testcase classname="test/routes/about.test.tsx" name="About Page &gt; Basic Rendering &gt; should render main page title" time="0.0149045">
        </testcase>
        <testcase classname="test/routes/about.test.tsx" name="About Page &gt; Basic Rendering &gt; should render all main sections" time="0.003237125">
        </testcase>
        <testcase classname="test/routes/about.test.tsx" name="About Page &gt; Basic Rendering &gt; should display version information" time="0.001331333">
        </testcase>
        <testcase classname="test/routes/about.test.tsx" name="About Page &gt; Content Structure &gt; should render app description" time="0.00112525">
        </testcase>
        <testcase classname="test/routes/about.test.tsx" name="About Page &gt; Content Structure &gt; should render feature list" time="0.004251167">
        </testcase>
        <testcase classname="test/routes/about.test.tsx" name="About Page &gt; Content Structure &gt; should render technology stack information" time="0.001073417">
        </testcase>
        <testcase classname="test/routes/about.test.tsx" name="About Page &gt; Styling and Layout &gt; should apply correct CSS classes to main container" time="0.000836125">
        </testcase>
        <testcase classname="test/routes/about.test.tsx" name="About Page &gt; Styling and Layout &gt; should apply correct styling to main heading" time="0.001639791">
        </testcase>
        <testcase classname="test/routes/about.test.tsx" name="About Page &gt; Styling and Layout &gt; should apply correct styling to section headings" time="0.001571375">
        </testcase>
        <testcase classname="test/routes/about.test.tsx" name="About Page &gt; Styling and Layout &gt; should format version number with monospace font" time="0.001077792">
        </testcase>
        <testcase classname="test/routes/about.test.tsx" name="About Page &gt; Accessibility &gt; should have proper heading hierarchy" time="0.00678875">
        </testcase>
        <testcase classname="test/routes/about.test.tsx" name="About Page &gt; Accessibility &gt; should have semantic HTML structure" time="0.001611542">
        </testcase>
        <testcase classname="test/routes/about.test.tsx" name="About Page &gt; Translation Integration &gt; should render with translation system" time="0.001099">
        </testcase>
    </testsuite>
    <testsuite name="test/routes/catchall.test.tsx" timestamp="2025-08-11T17:20:20.383Z" hostname="Mac.HOME" tests="19" failures="0" errors="0" skipped="0" time="0.041280209">
        <testcase classname="test/routes/catchall.test.tsx" name="Catch-all Route ($) &gt; NotFoundPage Component &gt; should render ErrorBoundary component" time="0.014152459">
        </testcase>
        <testcase classname="test/routes/catchall.test.tsx" name="Catch-all Route ($) &gt; NotFoundPage Component &gt; should be a fallback that renders error boundary" time="0.001367292">
        </testcase>
        <testcase classname="test/routes/catchall.test.tsx" name="Catch-all Route ($) &gt; ErrorBoundary Component &gt; should render 404 error message" time="0.001220625">
        </testcase>
        <testcase classname="test/routes/catchall.test.tsx" name="Catch-all Route ($) &gt; ErrorBoundary Component &gt; should display the current pathname" time="0.000839875">
        </testcase>
        <testcase classname="test/routes/catchall.test.tsx" name="Catch-all Route ($) &gt; ErrorBoundary Component &gt; should render back to home link" time="0.010818333">
        </testcase>
        <testcase classname="test/routes/catchall.test.tsx" name="Catch-all Route ($) &gt; ErrorBoundary Component &gt; should use GeneralErrorBoundary with 404 status handler" time="0.001076416">
        </testcase>
        <testcase classname="test/routes/catchall.test.tsx" name="Catch-all Route ($) &gt; Error Message Structure &gt; should organize error content in logical sections" time="0.000716875">
        </testcase>
        <testcase classname="test/routes/catchall.test.tsx" name="Catch-all Route ($) &gt; Error Message Structure &gt; should display pathname in preformatted text" time="0.0007065">
        </testcase>
        <testcase classname="test/routes/catchall.test.tsx" name="Catch-all Route ($) &gt; Error Message Structure &gt; should style pathname display correctly" time="0.00074225">
        </testcase>
        <testcase classname="test/routes/catchall.test.tsx" name="Catch-all Route ($) &gt; Navigation and Recovery &gt; should provide clear path back to home" time="0.000662375">
        </testcase>
        <testcase classname="test/routes/catchall.test.tsx" name="Catch-all Route ($) &gt; Navigation and Recovery &gt; should have accessible link text" time="0.003266125">
        </testcase>
        <testcase classname="test/routes/catchall.test.tsx" name="Catch-all Route ($) &gt; Pathname Display &gt; should display the pathname from useLocation" time="0.000655709">
        </testcase>
        <testcase classname="test/routes/catchall.test.tsx" name="Catch-all Route ($) &gt; Pathname Display &gt; should handle pathname structure correctly" time="0.000513916">
        </testcase>
        <testcase classname="test/routes/catchall.test.tsx" name="Catch-all Route ($) &gt; Error Boundary Integration &gt; should pass 404 status handler to GeneralErrorBoundary" time="0.000556">
        </testcase>
        <testcase classname="test/routes/catchall.test.tsx" name="Catch-all Route ($) &gt; Error Boundary Integration &gt; should render error boundary with proper structure" time="0.000504333">
        </testcase>
        <testcase classname="test/routes/catchall.test.tsx" name="Catch-all Route ($) &gt; Accessibility &gt; should have accessible error message" time="0.000463417">
        </testcase>
        <testcase classname="test/routes/catchall.test.tsx" name="Catch-all Route ($) &gt; Accessibility &gt; should have semantic HTML structure" time="0.000919625">
        </testcase>
        <testcase classname="test/routes/catchall.test.tsx" name="Catch-all Route ($) &gt; Content Layout &gt; should organize content in logical flow" time="0.000547333">
        </testcase>
        <testcase classname="test/routes/catchall.test.tsx" name="Catch-all Route ($) &gt; Content Layout &gt; should separate title section from path section" time="0.000696375">
        </testcase>
    </testsuite>
    <testsuite name="test/routes/profile.test.tsx" timestamp="2025-08-11T17:20:20.385Z" hostname="Mac.HOME" tests="14" failures="0" errors="0" skipped="0" time="0.114150417">
        <testcase classname="test/routes/profile.test.tsx" name="Profile Page &gt; Basic Rendering &gt; should render main page title" time="0.024672292">
        </testcase>
        <testcase classname="test/routes/profile.test.tsx" name="Profile Page &gt; Basic Rendering &gt; should render profile information section" time="0.001773709">
        </testcase>
        <testcase classname="test/routes/profile.test.tsx" name="Profile Page &gt; Basic Rendering &gt; should render account settings section" time="0.001124417">
        </testcase>
        <testcase classname="test/routes/profile.test.tsx" name="Profile Page &gt; Basic Rendering &gt; should render tournament access section" time="0.03004925">
        </testcase>
        <testcase classname="test/routes/profile.test.tsx" name="Profile Page &gt; Content Structure &gt; should render profile information content" time="0.001456458">
        </testcase>
        <testcase classname="test/routes/profile.test.tsx" name="Profile Page &gt; Content Structure &gt; should render account settings list" time="0.001206084">
        </testcase>
        <testcase classname="test/routes/profile.test.tsx" name="Profile Page &gt; Content Structure &gt; should render tournament access content" time="0.000870542">
        </testcase>
        <testcase classname="test/routes/profile.test.tsx" name="Profile Page &gt; Styling and Layout &gt; should apply correct CSS classes to main container" time="0.001263875">
        </testcase>
        <testcase classname="test/routes/profile.test.tsx" name="Profile Page &gt; Styling and Layout &gt; should apply correct styling to main heading" time="0.001778416">
        </testcase>
        <testcase classname="test/routes/profile.test.tsx" name="Profile Page &gt; Styling and Layout &gt; should apply correct styling to section headings" time="0.023443958">
        </testcase>
        <testcase classname="test/routes/profile.test.tsx" name="Profile Page &gt; Section Structure &gt; should have proper section hierarchy" time="0.005498083">
        </testcase>
        <testcase classname="test/routes/profile.test.tsx" name="Profile Page &gt; Section Structure &gt; should render sections in correct order" time="0.002836958">
        </testcase>
        <testcase classname="test/routes/profile.test.tsx" name="Profile Page &gt; Accessibility &gt; should have proper heading hierarchy" time="0.0032325">
        </testcase>
        <testcase classname="test/routes/profile.test.tsx" name="Profile Page &gt; Translation Integration &gt; should render with translation system" time="0.001187208">
        </testcase>
    </testsuite>
    <testsuite name="test/routes/settings.test.tsx" timestamp="2025-08-11T17:20:20.385Z" hostname="Mac.HOME" tests="14" failures="0" errors="0" skipped="0" time="0.03821275">
        <testcase classname="test/routes/settings.test.tsx" name="Settings Page &gt; Basic Rendering &gt; should render main page title" time="0.014627583">
        </testcase>
        <testcase classname="test/routes/settings.test.tsx" name="Settings Page &gt; Basic Rendering &gt; should render application settings section" time="0.001796833">
        </testcase>
        <testcase classname="test/routes/settings.test.tsx" name="Settings Page &gt; Basic Rendering &gt; should render preferences section" time="0.001137541">
        </testcase>
        <testcase classname="test/routes/settings.test.tsx" name="Settings Page &gt; Basic Rendering &gt; should render tournament configuration section" time="0.000981584">
        </testcase>
        <testcase classname="test/routes/settings.test.tsx" name="Settings Page &gt; Content Structure &gt; should render application settings content" time="0.001055375">
        </testcase>
        <testcase classname="test/routes/settings.test.tsx" name="Settings Page &gt; Content Structure &gt; should render preferences list" time="0.001057166">
        </testcase>
        <testcase classname="test/routes/settings.test.tsx" name="Settings Page &gt; Content Structure &gt; should render tournament configuration content" time="0.002162833">
        </testcase>
        <testcase classname="test/routes/settings.test.tsx" name="Settings Page &gt; Styling and Layout &gt; should apply correct CSS classes to main container" time="0.000938458">
        </testcase>
        <testcase classname="test/routes/settings.test.tsx" name="Settings Page &gt; Styling and Layout &gt; should apply correct styling to main heading" time="0.002443875">
        </testcase>
        <testcase classname="test/routes/settings.test.tsx" name="Settings Page &gt; Styling and Layout &gt; should apply correct styling to section headings" time="0.001872125">
        </testcase>
        <testcase classname="test/routes/settings.test.tsx" name="Settings Page &gt; Section Structure &gt; should have proper section hierarchy" time="0.004705292">
        </testcase>
        <testcase classname="test/routes/settings.test.tsx" name="Settings Page &gt; Section Structure &gt; should render sections in correct order" time="0.0013695">
        </testcase>
        <testcase classname="test/routes/settings.test.tsx" name="Settings Page &gt; Accessibility &gt; should have proper heading hierarchy" time="0.001274042">
        </testcase>
        <testcase classname="test/routes/settings.test.tsx" name="Settings Page &gt; Translation Integration &gt; should render with translation system" time="0.001077667">
        </testcase>
    </testsuite>
    <testsuite name="test/routes/unauthorized.test.tsx" timestamp="2025-08-11T17:20:20.386Z" hostname="Mac.HOME" tests="23" failures="0" errors="0" skipped="0" time="0.072595417">
        <testcase classname="test/routes/unauthorized.test.tsx" name="Unauthorized Page &gt; Basic Rendering &gt; should render main error title" time="0.021700792">
        </testcase>
        <testcase classname="test/routes/unauthorized.test.tsx" name="Unauthorized Page &gt; Basic Rendering &gt; should render error description" time="0.001561959">
        </testcase>
        <testcase classname="test/routes/unauthorized.test.tsx" name="Unauthorized Page &gt; Basic Rendering &gt; should render block icon" time="0.001286916">
        </testcase>
        <testcase classname="test/routes/unauthorized.test.tsx" name="Unauthorized Page &gt; Basic Rendering &gt; should render navigation links" time="0.000930875">
        </testcase>
        <testcase classname="test/routes/unauthorized.test.tsx" name="Unauthorized Page &gt; Navigation Links &gt; should render Back to Home link with correct attributes" time="0.012236125">
        </testcase>
        <testcase classname="test/routes/unauthorized.test.tsx" name="Unauthorized Page &gt; Navigation Links &gt; should render Profile link with correct attributes" time="0.001181209">
        </testcase>
        <testcase classname="test/routes/unauthorized.test.tsx" name="Unauthorized Page &gt; Navigation Links &gt; should style home link as primary button" time="0.000782917">
        </testcase>
        <testcase classname="test/routes/unauthorized.test.tsx" name="Unauthorized Page &gt; Navigation Links &gt; should style profile link as secondary button" time="0.004739625">
        </testcase>
        <testcase classname="test/routes/unauthorized.test.tsx" name="Unauthorized Page &gt; Layout and Styling &gt; should apply correct layout classes to main container" time="0.0008405">
        </testcase>
        <testcase classname="test/routes/unauthorized.test.tsx" name="Unauthorized Page &gt; Layout and Styling &gt; should apply correct styling to content card" time="0.000848417">
        </testcase>
        <testcase classname="test/routes/unauthorized.test.tsx" name="Unauthorized Page &gt; Layout and Styling &gt; should style icon container correctly" time="0.0006795">
        </testcase>
        <testcase classname="test/routes/unauthorized.test.tsx" name="Unauthorized Page &gt; Layout and Styling &gt; should apply correct typography to title" time="0.000759459">
        </testcase>
        <testcase classname="test/routes/unauthorized.test.tsx" name="Unauthorized Page &gt; Layout and Styling &gt; should apply correct styling to description" time="0.000773833">
        </testcase>
        <testcase classname="test/routes/unauthorized.test.tsx" name="Unauthorized Page &gt; Content Organization &gt; should organize content in logical sections" time="0.000633">
        </testcase>
        <testcase classname="test/routes/unauthorized.test.tsx" name="Unauthorized Page &gt; Content Organization &gt; should render elements in correct order" time="0.00075925">
        </testcase>
        <testcase classname="test/routes/unauthorized.test.tsx" name="Unauthorized Page &gt; Content Organization &gt; should group action buttons together" time="0.000608292">
        </testcase>
        <testcase classname="test/routes/unauthorized.test.tsx" name="Unauthorized Page &gt; Accessibility &gt; should have proper heading hierarchy" time="0.00536325">
        </testcase>
        <testcase classname="test/routes/unauthorized.test.tsx" name="Unauthorized Page &gt; Accessibility &gt; should have accessible link text" time="0.001011375">
        </testcase>
        <testcase classname="test/routes/unauthorized.test.tsx" name="Unauthorized Page &gt; Accessibility &gt; should use semantic HTML structure" time="0.010691">
        </testcase>
        <testcase classname="test/routes/unauthorized.test.tsx" name="Unauthorized Page &gt; Error Communication &gt; should clearly communicate the error state" time="0.001000084">
        </testcase>
        <testcase classname="test/routes/unauthorized.test.tsx" name="Unauthorized Page &gt; Error Communication &gt; should provide helpful recovery options" time="0.000626125">
        </testcase>
        <testcase classname="test/routes/unauthorized.test.tsx" name="Unauthorized Page &gt; Visual Design &gt; should use red color scheme for error indication" time="0.000588125">
        </testcase>
        <testcase classname="test/routes/unauthorized.test.tsx" name="Unauthorized Page &gt; Visual Design &gt; should center content on screen" time="0.000931292">
        </testcase>
    </testsuite>
    <testsuite name="app/i18n/__tests__/i18n-integration-fixed.test.tsx" timestamp="2025-08-11T17:20:20.388Z" hostname="Mac.HOME" tests="9" failures="0" errors="0" skipped="0" time="0.050662833">
        <testcase classname="app/i18n/__tests__/i18n-integration-fixed.test.tsx" name="i18n React Integration &gt; Translation Rendering &gt; should render German translations in React components" time="0.010201958">
        </testcase>
        <testcase classname="app/i18n/__tests__/i18n-integration-fixed.test.tsx" name="i18n React Integration &gt; Translation Rendering &gt; should render German email address label" time="0.002920459">
        </testcase>
        <testcase classname="app/i18n/__tests__/i18n-integration-fixed.test.tsx" name="i18n React Integration &gt; Translation Rendering &gt; should render German navigation items" time="0.001068084">
        </testcase>
        <testcase classname="app/i18n/__tests__/i18n-integration-fixed.test.tsx" name="i18n React Integration &gt; Translation Rendering &gt; should handle German error messages" time="0.001657917">
        </testcase>
        <testcase classname="app/i18n/__tests__/i18n-integration-fixed.test.tsx" name="i18n React Integration &gt; Language Switching in React &gt; should switch languages dynamically" time="0.028698">
        </testcase>
        <testcase classname="app/i18n/__tests__/i18n-integration-fixed.test.tsx" name="i18n React Integration &gt; Language Switching in React &gt; should work with Turkish translations" time="0.000869417">
        </testcase>
        <testcase classname="app/i18n/__tests__/i18n-integration-fixed.test.tsx" name="i18n React Integration &gt; Language Switching in React &gt; should handle interpolation in components" time="0.001089083">
        </testcase>
        <testcase classname="app/i18n/__tests__/i18n-integration-fixed.test.tsx" name="i18n React Integration &gt; Fallback Behavior &gt; should show translation keys for missing translations" time="0.0007345">
        </testcase>
        <testcase classname="app/i18n/__tests__/i18n-integration-fixed.test.tsx" name="i18n Performance in React &gt; should initialize quickly for all languages" time="0.002061542">
        </testcase>
    </testsuite>
    <testsuite name="app/i18n/__tests__/i18n-integration-working.test.tsx" timestamp="2025-08-11T17:20:20.388Z" hostname="Mac.HOME" tests="13" failures="0" errors="0" skipped="0" time="0.022855666">
        <testcase classname="app/i18n/__tests__/i18n-integration-working.test.tsx" name="i18n React Integration - Real Translations &gt; German Translation Rendering &gt; should render German app name correctly" time="0.011376666">
        </testcase>
        <testcase classname="app/i18n/__tests__/i18n-integration-working.test.tsx" name="i18n React Integration - Real Translations &gt; German Translation Rendering &gt; should render German email address label" time="0.001138708">
        </testcase>
        <testcase classname="app/i18n/__tests__/i18n-integration-working.test.tsx" name="i18n React Integration - Real Translations &gt; German Translation Rendering &gt; should render German teams navigation" time="0.000770792">
        </testcase>
        <testcase classname="app/i18n/__tests__/i18n-integration-working.test.tsx" name="i18n React Integration - Real Translations &gt; German Translation Rendering &gt; should render German error messages" time="0.000708917">
        </testcase>
        <testcase classname="app/i18n/__tests__/i18n-integration-working.test.tsx" name="i18n React Integration - Real Translations &gt; Multi-language Support &gt; should work with Turkish translations" time="0.001719042">
        </testcase>
        <testcase classname="app/i18n/__tests__/i18n-integration-working.test.tsx" name="i18n React Integration - Real Translations &gt; Multi-language Support &gt; should work with Dutch translations" time="0.000821542">
        </testcase>
        <testcase classname="app/i18n/__tests__/i18n-integration-working.test.tsx" name="i18n React Integration - Real Translations &gt; Multi-language Support &gt; should work with English translations" time="0.000721958">
        </testcase>
        <testcase classname="app/i18n/__tests__/i18n-integration-working.test.tsx" name="i18n React Integration - Real Translations &gt; Interpolation in Components &gt; should handle German count interpolation" time="0.001014375">
        </testcase>
        <testcase classname="app/i18n/__tests__/i18n-integration-working.test.tsx" name="i18n React Integration - Real Translations &gt; Interpolation in Components &gt; should handle German plural count" time="0.000612292">
        </testcase>
        <testcase classname="app/i18n/__tests__/i18n-integration-working.test.tsx" name="i18n React Integration - Real Translations &gt; Language Context &gt; should provide correct language context" time="0.000497958">
        </testcase>
        <testcase classname="app/i18n/__tests__/i18n-integration-working.test.tsx" name="i18n React Integration - Real Translations &gt; Language Context &gt; should work with Arabic language" time="0.000325833">
        </testcase>
        <testcase classname="app/i18n/__tests__/i18n-integration-working.test.tsx" name="i18n React Integration - Real Translations &gt; Fallback Behavior &gt; should return key for missing translations" time="0.000375959">
        </testcase>
        <testcase classname="app/i18n/__tests__/i18n-integration-working.test.tsx" name="i18n React Performance &gt; should render all languages quickly" time="0.00149875">
        </testcase>
    </testsuite>
    <testsuite name="app/i18n/__tests__/i18n-integration.test.tsx" timestamp="2025-08-11T17:20:20.389Z" hostname="Mac.HOME" tests="14" failures="0" errors="0" skipped="0" time="0.216687125">
        <testcase classname="app/i18n/__tests__/i18n-integration.test.tsx" name="i18n Integration Tests &gt; German Translation Verification &gt; should render German translations correctly" time="0.009777042">
        </testcase>
        <testcase classname="app/i18n/__tests__/i18n-integration.test.tsx" name="i18n Integration Tests &gt; German Translation Verification &gt; should render German form labels correctly" time="0.001234208">
        </testcase>
        <testcase classname="app/i18n/__tests__/i18n-integration.test.tsx" name="i18n Integration Tests &gt; German Translation Verification &gt; should render German navigation items correctly" time="0.000796125">
        </testcase>
        <testcase classname="app/i18n/__tests__/i18n-integration.test.tsx" name="i18n Integration Tests &gt; German Translation Verification &gt; should handle German error messages" time="0.001105167">
        </testcase>
        <testcase classname="app/i18n/__tests__/i18n-integration.test.tsx" name="i18n Integration Tests &gt; Language Switching Tests &gt; should switch from Dutch to German dynamically" time="0.015957958">
        </testcase>
        <testcase classname="app/i18n/__tests__/i18n-integration.test.tsx" name="i18n Integration Tests &gt; Language Switching Tests &gt; should switch to all supported languages" time="0.048674625">
        </testcase>
        <testcase classname="app/i18n/__tests__/i18n-integration.test.tsx" name="i18n Integration Tests &gt; Language Switching Tests &gt; should maintain translation context after language switch" time="0.019916875">
        </testcase>
        <testcase classname="app/i18n/__tests__/i18n-integration.test.tsx" name="i18n Integration Tests &gt; Fallback Language Tests &gt; should fallback to Dutch for missing translations" time="0.001303708">
        </testcase>
        <testcase classname="app/i18n/__tests__/i18n-integration.test.tsx" name="i18n Integration Tests &gt; Fallback Language Tests &gt; should use English fallback for better coverage" time="0.001126417">
        </testcase>
        <testcase classname="app/i18n/__tests__/i18n-integration.test.tsx" name="i18n Integration Tests &gt; RTL Language Support &gt; should handle Arabic RTL correctly" time="0.000803833">
        </testcase>
        <testcase classname="app/i18n/__tests__/i18n-integration.test.tsx" name="i18n Integration Tests &gt; RTL Language Support &gt; should handle Turkish correctly" time="0.000463125">
        </testcase>
        <testcase classname="app/i18n/__tests__/i18n-integration.test.tsx" name="i18n Integration Tests &gt; Translation Interpolation &gt; should handle interpolation in German" time="0.001535208">
        </testcase>
        <testcase classname="app/i18n/__tests__/i18n-integration.test.tsx" name="Translation Performance Tests &gt; should initialize i18n instances quickly" time="0.000296375">
        </testcase>
        <testcase classname="app/i18n/__tests__/i18n-integration.test.tsx" name="Translation Performance Tests &gt; should handle multiple rapid language switches" time="0.112537958">
        </testcase>
    </testsuite>
    <testsuite name="app/i18n/__tests__/i18n-simple.test.tsx" timestamp="2025-08-11T17:20:20.390Z" hostname="Mac.HOME" tests="8" failures="0" errors="0" skipped="0" time="0.004341417">
        <testcase classname="app/i18n/__tests__/i18n-simple.test.tsx" name="i18n Basic Functionality &gt; Configuration Tests &gt; should load German translations correctly" time="0.001847375">
        </testcase>
        <testcase classname="app/i18n/__tests__/i18n-simple.test.tsx" name="i18n Basic Functionality &gt; Configuration Tests &gt; should load Dutch translations correctly" time="0.000344208">
        </testcase>
        <testcase classname="app/i18n/__tests__/i18n-simple.test.tsx" name="i18n Basic Functionality &gt; Configuration Tests &gt; should load English translations correctly" time="0.000283291">
        </testcase>
        <testcase classname="app/i18n/__tests__/i18n-simple.test.tsx" name="i18n Basic Functionality &gt; Configuration Tests &gt; should handle translation interpolation" time="0.000653208">
        </testcase>
        <testcase classname="app/i18n/__tests__/i18n-simple.test.tsx" name="i18n Basic Functionality &gt; Configuration Tests &gt; should handle language switching" time="0.000219334">
        </testcase>
        <testcase classname="app/i18n/__tests__/i18n-simple.test.tsx" name="i18n Basic Functionality &gt; Configuration Tests &gt; should fallback to showing keys for missing translations" time="0.000161459">
        </testcase>
        <testcase classname="app/i18n/__tests__/i18n-simple.test.tsx" name="i18n Basic Functionality &gt; Resource Validation &gt; should have all required resources loaded" time="0.000161125">
        </testcase>
        <testcase classname="app/i18n/__tests__/i18n-simple.test.tsx" name="i18n Basic Functionality &gt; Resource Validation &gt; should have common namespace in all resources" time="0.000114959">
        </testcase>
    </testsuite>
    <testsuite name="app/i18n/__tests__/lazy-loading.test.ts" timestamp="2025-08-11T17:20:20.390Z" hostname="Mac.HOME" tests="11" failures="0" errors="0" skipped="0" time="0.007321333">
        <testcase classname="app/i18n/__tests__/lazy-loading.test.ts" name="i18n Lazy Loading Performance &gt; Bundle Size Optimization &gt; should report significant bundle size savings" time="0.001119208">
            <system-out>
Bundle size savings: 40.0KB (83.3%)

            </system-out>
        </testcase>
        <testcase classname="app/i18n/__tests__/lazy-loading.test.ts" name="i18n Lazy Loading Performance &gt; Bundle Size Optimization &gt; should load only the requested language initially" time="0.000614542">
        </testcase>
        <testcase classname="app/i18n/__tests__/lazy-loading.test.ts" name="i18n Lazy Loading Performance &gt; Performance Comparison &gt; should initialize faster than full bundle" time="0.000307083">
            <system-out>
Lazy loading: 0.07ms
Full bundle: 0.05ms

            </system-out>
        </testcase>
        <testcase classname="app/i18n/__tests__/lazy-loading.test.ts" name="i18n Lazy Loading Performance &gt; Performance Comparison &gt; should handle rapid initialization requests efficiently" time="0.000401209">
        </testcase>
        <testcase classname="app/i18n/__tests__/lazy-loading.test.ts" name="i18n Lazy Loading Performance &gt; Language Switching Performance &gt; should load new languages on demand" time="0.000436625">
        </testcase>
        <testcase classname="app/i18n/__tests__/lazy-loading.test.ts" name="i18n Lazy Loading Performance &gt; Language Switching Performance &gt; should cache loaded languages for faster subsequent switches" time="0.000282041">
            <system-out>
First switch: 0.06ms
Cached switch: 0.01ms

            </system-out>
        </testcase>
        <testcase classname="app/i18n/__tests__/lazy-loading.test.ts" name="i18n Lazy Loading Performance &gt; Language Switching Performance &gt; should handle invalid language codes gracefully" time="0.000403791">
        </testcase>
        <testcase classname="app/i18n/__tests__/lazy-loading.test.ts" name="i18n Lazy Loading Performance &gt; Memory Efficiency &gt; should use less memory than full bundle approach" time="0.000197375">
            <system-out>
Lazy bundles loaded: 1
Full bundles loaded: 6

            </system-out>
        </testcase>
        <testcase classname="app/i18n/__tests__/lazy-loading.test.ts" name="i18n Lazy Loading Performance &gt; Memory Efficiency &gt; should only load what is actually used" time="0.000696958">
        </testcase>
        <testcase classname="app/i18n/__tests__/lazy-loading.test.ts" name="i18n Lazy Loading Performance &gt; Production Readiness &gt; should work with all supported languages" time="0.001726333">
        </testcase>
        <testcase classname="app/i18n/__tests__/lazy-loading.test.ts" name="i18n Lazy Loading Performance &gt; Production Readiness &gt; should handle concurrent language switches" time="0.000533708">
        </testcase>
    </testsuite>
    <testsuite name="app/i18n/__tests__/translation-coverage.test.ts" timestamp="2025-08-11T17:20:20.391Z" hostname="Mac.HOME" tests="11" failures="0" errors="0" skipped="0" time="0.046515">
        <testcase classname="app/i18n/__tests__/translation-coverage.test.ts" name="Translation Key Coverage &gt; should have all namespaces in every locale" time="0.000885416">
        </testcase>
        <testcase classname="app/i18n/__tests__/translation-coverage.test.ts" name="Translation Key Coverage &gt; should have consistent keys across all locales for each namespace" time="0.001461125">
        </testcase>
        <testcase classname="app/i18n/__tests__/translation-coverage.test.ts" name="Critical Key Verification &gt; should have all critical keys in every locale" time="0.001572625">
        </testcase>
        <testcase classname="app/i18n/__tests__/translation-coverage.test.ts" name="Critical Key Verification &gt; should have non-empty values for critical keys" time="0.000725209">
        </testcase>
        <testcase classname="app/i18n/__tests__/translation-coverage.test.ts" name="Form Validation Coverage &gt; should have all form error messages in every locale" time="0.000632625">
        </testcase>
        <testcase classname="app/i18n/__tests__/translation-coverage.test.ts" name="Navigation Coverage &gt; should have all navigation keys in every locale" time="0.000757291">
        </testcase>
        <testcase classname="app/i18n/__tests__/translation-coverage.test.ts" name="Translation Quality Checks &gt; should not have placeholder values in translations" time="0.02861075">
        </testcase>
        <testcase classname="app/i18n/__tests__/translation-coverage.test.ts" name="Translation Quality Checks &gt; should not have empty string translations" time="0.0091585">
        </testcase>
        <testcase classname="app/i18n/__tests__/translation-coverage.test.ts" name="Translation Quality Checks &gt; should maintain consistent interpolation variables" time="0.00074525">
        </testcase>
        <testcase classname="app/i18n/__tests__/translation-coverage.test.ts" name="Translation Bundle Analysis &gt; should report translation bundle sizes" time="0.000932458">
            <system-out>
Nederlands (nl): 11.07 KB
English (en): 10.57 KB
Deutsch (de): 11.97 KB
Français (fr): 12.31 KB
العربية (ar): 14.01 KB
Türkçe (tr): 11.22 KB

            </system-out>
        </testcase>
        <testcase classname="app/i18n/__tests__/translation-coverage.test.ts" name="Translation Bundle Analysis &gt; should calculate total i18n bundle impact" time="0.000410167">
            <system-out>
Total i18n bundle size: 71.15 KB

            </system-out>
        </testcase>
    </testsuite>
    <testsuite name="app/lib/__tests__/lib.constants.test.ts" timestamp="2025-08-11T17:20:20.392Z" hostname="Mac.HOME" tests="9" failures="0" errors="0" skipped="0" time="0.005294125">
        <testcase classname="app/lib/__tests__/lib.constants.test.ts" name="lib.constants &gt; SUPPORTED_LANGUAGES &gt; should have consistent structure for all languages" time="0.001789041">
        </testcase>
        <testcase classname="app/lib/__tests__/lib.constants.test.ts" name="lib.constants &gt; SUPPORTED_LANGUAGES &gt; should have unique language codes" time="0.000435">
        </testcase>
        <testcase classname="app/lib/__tests__/lib.constants.test.ts" name="lib.constants &gt; SUPPORTED_LANGUAGES &gt; should match languages configured in i18n resources" time="0.0001645">
        </testcase>
        <testcase classname="app/lib/__tests__/lib.constants.test.ts" name="lib.constants &gt; SUPPORTED_LANGUAGES &gt; should have all languages present in i18n locale files" time="0.000187625">
        </testcase>
        <testcase classname="app/lib/__tests__/lib.constants.test.ts" name="lib.constants &gt; DIVISIONS &gt; should contain labels for all supported languages" time="0.000924542">
        </testcase>
        <testcase classname="app/lib/__tests__/lib.constants.test.ts" name="lib.constants &gt; DIVISIONS &gt; should not contain labels for unsupported languages" time="0.000671333">
        </testcase>
        <testcase classname="app/lib/__tests__/lib.constants.test.ts" name="lib.constants &gt; DIVISIONS &gt; should have consistent structure for all divisions" time="0.000364833">
        </testcase>
        <testcase classname="app/lib/__tests__/lib.constants.test.ts" name="lib.constants &gt; DIVISIONS &gt; should have unique order values" time="0.000079375">
        </testcase>
        <testcase classname="app/lib/__tests__/lib.constants.test.ts" name="lib.constants &gt; DIVISIONS &gt; should have sequential order values starting from 1" time="0.000096041">
        </testcase>
    </testsuite>
    <testsuite name="app/lib/__tests__/lib.helpers.test.ts" timestamp="2025-08-11T17:20:20.393Z" hostname="Mac.HOME" tests="195" failures="0" errors="0" skipped="0" time="0.028008583">
        <testcase classname="app/lib/__tests__/lib.helpers.test.ts" name="lib.helpers &gt; getDivisionLabel &gt; should return correct English label for PREMIER_DIVISION" time="0.000750166">
        </testcase>
        <testcase classname="app/lib/__tests__/lib.helpers.test.ts" name="lib.helpers &gt; getDivisionLabel &gt; should return correct English label for FIRST_DIVISION" time="0.000103042">
        </testcase>
        <testcase classname="app/lib/__tests__/lib.helpers.test.ts" name="lib.helpers &gt; getDivisionLabel &gt; should return correct English label for SECOND_DIVISION" time="0.000077916">
        </testcase>
        <testcase classname="app/lib/__tests__/lib.helpers.test.ts" name="lib.helpers &gt; getDivisionLabel &gt; should return correct English label for THIRD_DIVISION" time="0.000063333">
        </testcase>
        <testcase classname="app/lib/__tests__/lib.helpers.test.ts" name="lib.helpers &gt; getDivisionLabel &gt; should return correct English label for FOURTH_DIVISION" time="0.000057541">
        </testcase>
        <testcase classname="app/lib/__tests__/lib.helpers.test.ts" name="lib.helpers &gt; getDivisionLabel &gt; should return correct English label for FIFTH_DIVISION" time="0.000057333">
        </testcase>
        <testcase classname="app/lib/__tests__/lib.helpers.test.ts" name="lib.helpers &gt; getDivisionLabel &gt; should return correct Dutch label for PREMIER_DIVISION" time="0.000059416">
        </testcase>
        <testcase classname="app/lib/__tests__/lib.helpers.test.ts" name="lib.helpers &gt; getDivisionLabel &gt; should return correct Dutch label for FIRST_DIVISION" time="0.000048042">
        </testcase>
        <testcase classname="app/lib/__tests__/lib.helpers.test.ts" name="lib.helpers &gt; getDivisionLabel &gt; should return correct Dutch label for SECOND_DIVISION" time="0.000055083">
        </testcase>
        <testcase classname="app/lib/__tests__/lib.helpers.test.ts" name="lib.helpers &gt; getDivisionLabel &gt; should return correct Dutch label for THIRD_DIVISION" time="0.000069875">
        </testcase>
        <testcase classname="app/lib/__tests__/lib.helpers.test.ts" name="lib.helpers &gt; getDivisionLabel &gt; should return correct Dutch label for FOURTH_DIVISION" time="0.000050167">
        </testcase>
        <testcase classname="app/lib/__tests__/lib.helpers.test.ts" name="lib.helpers &gt; getDivisionLabel &gt; should return correct Dutch label for FIFTH_DIVISION" time="0.000048041">
        </testcase>
        <testcase classname="app/lib/__tests__/lib.helpers.test.ts" name="lib.helpers &gt; getDivisionLabel &gt; should return correct Arabic label for PREMIER_DIVISION" time="0.000049">
        </testcase>
        <testcase classname="app/lib/__tests__/lib.helpers.test.ts" name="lib.helpers &gt; getDivisionLabel &gt; should return correct Arabic label for FIRST_DIVISION" time="0.000041625">
        </testcase>
        <testcase classname="app/lib/__tests__/lib.helpers.test.ts" name="lib.helpers &gt; getDivisionLabel &gt; should return correct Arabic label for SECOND_DIVISION" time="0.000041375">
        </testcase>
        <testcase classname="app/lib/__tests__/lib.helpers.test.ts" name="lib.helpers &gt; getDivisionLabel &gt; should return correct French label for PREMIER_DIVISION" time="0.000047041">
        </testcase>
        <testcase classname="app/lib/__tests__/lib.helpers.test.ts" name="lib.helpers &gt; getDivisionLabel &gt; should return correct French label for FIRST_DIVISION" time="0.000070792">
        </testcase>
        <testcase classname="app/lib/__tests__/lib.helpers.test.ts" name="lib.helpers &gt; getDivisionLabel &gt; should return correct French label for SECOND_DIVISION" time="0.000061542">
        </testcase>
        <testcase classname="app/lib/__tests__/lib.helpers.test.ts" name="lib.helpers &gt; getDivisionLabel &gt; should fallback to Dutch when language PREMIER_DIVISION not available for xx" time="0.000051833">
        </testcase>
        <testcase classname="app/lib/__tests__/lib.helpers.test.ts" name="lib.helpers &gt; getDivisionLabel &gt; should fallback to Dutch when language FIRST_DIVISION not available for zz" time="0.000040042">
        </testcase>
        <testcase classname="app/lib/__tests__/lib.helpers.test.ts" name="lib.helpers &gt; getDivisionLabel &gt; should fallback to custom fallback language for PREMIER_DIVISION" time="0.000043708">
        </testcase>
        <testcase classname="app/lib/__tests__/lib.helpers.test.ts" name="lib.helpers &gt; getDivisionLabel &gt; should fallback to custom fallback language for FIRST_DIVISION" time="0.0000495">
        </testcase>
        <testcase classname="app/lib/__tests__/lib.helpers.test.ts" name="lib.helpers &gt; getDivisionLabel &gt; should return division key when no language available" time="0.000063333">
        </testcase>
        <testcase classname="app/lib/__tests__/lib.helpers.test.ts" name="lib.helpers &gt; getDivisionLabel &gt; should use Dutch as default language" time="0.0000545">
        </testcase>
        <testcase classname="app/lib/__tests__/lib.helpers.test.ts" name="lib.helpers &gt; stringToDivision &gt; should convert valid string PREMIER_DIVISION to Division" time="0.000082209">
        </testcase>
        <testcase classname="app/lib/__tests__/lib.helpers.test.ts" name="lib.helpers &gt; stringToDivision &gt; should convert valid string FIRST_DIVISION to Division" time="0.000051334">
        </testcase>
        <testcase classname="app/lib/__tests__/lib.helpers.test.ts" name="lib.helpers &gt; stringToDivision &gt; should convert valid string SECOND_DIVISION to Division" time="0.000050625">
        </testcase>
        <testcase classname="app/lib/__tests__/lib.helpers.test.ts" name="lib.helpers &gt; stringToDivision &gt; should convert valid string THIRD_DIVISION to Division" time="0.000040333">
        </testcase>
        <testcase classname="app/lib/__tests__/lib.helpers.test.ts" name="lib.helpers &gt; stringToDivision &gt; should convert valid string FOURTH_DIVISION to Division" time="0.000037584">
        </testcase>
        <testcase classname="app/lib/__tests__/lib.helpers.test.ts" name="lib.helpers &gt; stringToDivision &gt; should convert valid string FIFTH_DIVISION to Division" time="0.000039">
        </testcase>
        <testcase classname="app/lib/__tests__/lib.helpers.test.ts" name="lib.helpers &gt; stringToDivision &gt; should convert lowercase string premier_division to Division" time="0.000046792">
        </testcase>
        <testcase classname="app/lib/__tests__/lib.helpers.test.ts" name="lib.helpers &gt; stringToDivision &gt; should convert lowercase string first_division to Division" time="0.0000385">
        </testcase>
        <testcase classname="app/lib/__tests__/lib.helpers.test.ts" name="lib.helpers &gt; stringToDivision &gt; should convert lowercase string second_division to Division" time="0.000037916">
        </testcase>
        <testcase classname="app/lib/__tests__/lib.helpers.test.ts" name="lib.helpers &gt; stringToDivision &gt; should convert mixed case string Premier_Division to Division" time="0.000045125">
        </testcase>
        <testcase classname="app/lib/__tests__/lib.helpers.test.ts" name="lib.helpers &gt; stringToDivision &gt; should convert mixed case string First_DIVISION to Division" time="0.000037708">
        </testcase>
        <testcase classname="app/lib/__tests__/lib.helpers.test.ts" name="lib.helpers &gt; stringToDivision &gt; should return undefined for invalid string INVALID_DIVISION" time="0.000054417">
        </testcase>
        <testcase classname="app/lib/__tests__/lib.helpers.test.ts" name="lib.helpers &gt; stringToDivision &gt; should return undefined for invalid string random_string" time="0.000046791">
        </testcase>
        <testcase classname="app/lib/__tests__/lib.helpers.test.ts" name="lib.helpers &gt; stringToDivision &gt; should return undefined for invalid string 123" time="0.000117">
        </testcase>
        <testcase classname="app/lib/__tests__/lib.helpers.test.ts" name="lib.helpers &gt; stringToDivision &gt; should return undefined for invalid string " time="0.000057958">
        </testcase>
        <testcase classname="app/lib/__tests__/lib.helpers.test.ts" name="lib.helpers &gt; stringToDivision &gt; should return undefined for null input" time="0.0000825">
        </testcase>
        <testcase classname="app/lib/__tests__/lib.helpers.test.ts" name="lib.helpers &gt; stringToDivision &gt; should return undefined for undefined input" time="0.000046959">
        </testcase>
        <testcase classname="app/lib/__tests__/lib.helpers.test.ts" name="lib.helpers &gt; isValidDivision &gt; should return true for valid division string PREMIER_DIVISION" time="0.000066333">
        </testcase>
        <testcase classname="app/lib/__tests__/lib.helpers.test.ts" name="lib.helpers &gt; isValidDivision &gt; should return true for valid division string FIRST_DIVISION" time="0.000053667">
        </testcase>
        <testcase classname="app/lib/__tests__/lib.helpers.test.ts" name="lib.helpers &gt; isValidDivision &gt; should return true for valid division string SECOND_DIVISION" time="0.000041458">
        </testcase>
        <testcase classname="app/lib/__tests__/lib.helpers.test.ts" name="lib.helpers &gt; isValidDivision &gt; should return true for valid division string THIRD_DIVISION" time="0.00123375">
        </testcase>
        <testcase classname="app/lib/__tests__/lib.helpers.test.ts" name="lib.helpers &gt; isValidDivision &gt; should return true for valid division string FOURTH_DIVISION" time="0.000155959">
        </testcase>
        <testcase classname="app/lib/__tests__/lib.helpers.test.ts" name="lib.helpers &gt; isValidDivision &gt; should return true for valid division string FIFTH_DIVISION" time="0.000065458">
        </testcase>
        <testcase classname="app/lib/__tests__/lib.helpers.test.ts" name="lib.helpers &gt; isValidDivision &gt; should return true for valid division string premier_division in any case" time="0.000069542">
        </testcase>
        <testcase classname="app/lib/__tests__/lib.helpers.test.ts" name="lib.helpers &gt; isValidDivision &gt; should return true for valid division string First_Division in any case" time="0.000048166">
        </testcase>
        <testcase classname="app/lib/__tests__/lib.helpers.test.ts" name="lib.helpers &gt; isValidDivision &gt; should return true for valid division string SECOND_division in any case" time="0.000049166">
        </testcase>
        <testcase classname="app/lib/__tests__/lib.helpers.test.ts" name="lib.helpers &gt; isValidDivision &gt; should return false for invalid string INVALID_DIVISION" time="0.000060084">
        </testcase>
        <testcase classname="app/lib/__tests__/lib.helpers.test.ts" name="lib.helpers &gt; isValidDivision &gt; should return false for invalid string random_string" time="0.000043459">
        </testcase>
        <testcase classname="app/lib/__tests__/lib.helpers.test.ts" name="lib.helpers &gt; isValidDivision &gt; should return false for invalid string 123" time="0.00004175">
        </testcase>
        <testcase classname="app/lib/__tests__/lib.helpers.test.ts" name="lib.helpers &gt; isValidDivision &gt; should return false for invalid string " time="0.000047834">
        </testcase>
        <testcase classname="app/lib/__tests__/lib.helpers.test.ts" name="lib.helpers &gt; isValidDivision &gt; should return false for null input" time="0.00004925">
        </testcase>
        <testcase classname="app/lib/__tests__/lib.helpers.test.ts" name="lib.helpers &gt; isValidDivision &gt; should return false for undefined input" time="0.000041292">
        </testcase>
        <testcase classname="app/lib/__tests__/lib.helpers.test.ts" name="lib.helpers &gt; getDivisionByValue &gt; should return correct division object for PREMIER_DIVISION" time="0.000115291">
        </testcase>
        <testcase classname="app/lib/__tests__/lib.helpers.test.ts" name="lib.helpers &gt; getDivisionByValue &gt; should return correct division object for FIRST_DIVISION" time="0.00006775">
        </testcase>
        <testcase classname="app/lib/__tests__/lib.helpers.test.ts" name="lib.helpers &gt; getDivisionByValue &gt; should return undefined for invalid value INVALID_DIVISION" time="0.0000595">
        </testcase>
        <testcase classname="app/lib/__tests__/lib.helpers.test.ts" name="lib.helpers &gt; getDivisionByValue &gt; should return undefined for invalid value random_string" time="0.000045917">
        </testcase>
        <testcase classname="app/lib/__tests__/lib.helpers.test.ts" name="lib.helpers &gt; getDivisionByValue &gt; should return undefined for invalid value " time="0.000052125">
        </testcase>
        <testcase classname="app/lib/__tests__/lib.helpers.test.ts" name="lib.helpers &gt; getDivisionByValue &gt; should be case sensitive for premier_division" time="0.0001585">
        </testcase>
        <testcase classname="app/lib/__tests__/lib.helpers.test.ts" name="lib.helpers &gt; getDivisionByValue &gt; should be case sensitive for Premier_Division" time="0.000175083">
        </testcase>
        <testcase classname="app/lib/__tests__/lib.helpers.test.ts" name="lib.helpers &gt; getDivisionLabelByValue &gt; should return correct English label for PREMIER_DIVISION" time="0.000106584">
        </testcase>
        <testcase classname="app/lib/__tests__/lib.helpers.test.ts" name="lib.helpers &gt; getDivisionLabelByValue &gt; should return correct English label for FIRST_DIVISION" time="0.000054875">
        </testcase>
        <testcase classname="app/lib/__tests__/lib.helpers.test.ts" name="lib.helpers &gt; getDivisionLabelByValue &gt; should return correct English label for SECOND_DIVISION" time="0.000052458">
        </testcase>
        <testcase classname="app/lib/__tests__/lib.helpers.test.ts" name="lib.helpers &gt; getDivisionLabelByValue &gt; should return correct Dutch label for PREMIER_DIVISION" time="0.00006525">
        </testcase>
        <testcase classname="app/lib/__tests__/lib.helpers.test.ts" name="lib.helpers &gt; getDivisionLabelByValue &gt; should return correct Dutch label for FIRST_DIVISION" time="0.000046584">
        </testcase>
        <testcase classname="app/lib/__tests__/lib.helpers.test.ts" name="lib.helpers &gt; getDivisionLabelByValue &gt; should return correct Dutch label for SECOND_DIVISION" time="0.000048042">
        </testcase>
        <testcase classname="app/lib/__tests__/lib.helpers.test.ts" name="lib.helpers &gt; getDivisionLabelByValue &gt; should return the value itself when division INVALID_DIVISION not found" time="0.000056291">
        </testcase>
        <testcase classname="app/lib/__tests__/lib.helpers.test.ts" name="lib.helpers &gt; getDivisionLabelByValue &gt; should return the value itself when division random_string not found" time="0.000044959">
        </testcase>
        <testcase classname="app/lib/__tests__/lib.helpers.test.ts" name="lib.helpers &gt; getAllDivisions &gt; should return all division objects" time="0.000637">
        </testcase>
        <testcase classname="app/lib/__tests__/lib.helpers.test.ts" name="lib.helpers &gt; getAllDivisions &gt; should return divisions with correct structure" time="0.00043425">
        </testcase>
        <testcase classname="app/lib/__tests__/lib.helpers.test.ts" name="lib.helpers &gt; getAllDivisions &gt; should return divisions in correct order" time="0.000297625">
        </testcase>
        <testcase classname="app/lib/__tests__/lib.helpers.test.ts" name="lib.helpers &gt; getDivisionValues &gt; should return all division values" time="0.000190083">
        </testcase>
        <testcase classname="app/lib/__tests__/lib.helpers.test.ts" name="lib.helpers &gt; getDivisionValues &gt; should return only string values" time="0.000086709">
        </testcase>
        <testcase classname="app/lib/__tests__/lib.helpers.test.ts" name="lib.helpers &gt; stringToDivisionValue &gt; should convert valid string PREMIER_DIVISION to DivisionValue" time="0.000066">
        </testcase>
        <testcase classname="app/lib/__tests__/lib.helpers.test.ts" name="lib.helpers &gt; stringToDivisionValue &gt; should convert valid string FIRST_DIVISION to DivisionValue" time="0.000052417">
        </testcase>
        <testcase classname="app/lib/__tests__/lib.helpers.test.ts" name="lib.helpers &gt; stringToDivisionValue &gt; should convert valid string SECOND_DIVISION to DivisionValue" time="0.000053792">
        </testcase>
        <testcase classname="app/lib/__tests__/lib.helpers.test.ts" name="lib.helpers &gt; stringToDivisionValue &gt; should convert valid string THIRD_DIVISION to DivisionValue" time="0.000048125">
        </testcase>
        <testcase classname="app/lib/__tests__/lib.helpers.test.ts" name="lib.helpers &gt; stringToDivisionValue &gt; should convert valid string FOURTH_DIVISION to DivisionValue" time="0.000049">
        </testcase>
        <testcase classname="app/lib/__tests__/lib.helpers.test.ts" name="lib.helpers &gt; stringToDivisionValue &gt; should convert valid string FIFTH_DIVISION to DivisionValue" time="0.000054041">
        </testcase>
        <testcase classname="app/lib/__tests__/lib.helpers.test.ts" name="lib.helpers &gt; stringToDivisionValue &gt; should convert lowercase string premier_division to DivisionValue" time="0.000064583">
        </testcase>
        <testcase classname="app/lib/__tests__/lib.helpers.test.ts" name="lib.helpers &gt; stringToDivisionValue &gt; should convert lowercase string first_division to DivisionValue" time="0.00005725">
        </testcase>
        <testcase classname="app/lib/__tests__/lib.helpers.test.ts" name="lib.helpers &gt; stringToDivisionValue &gt; should convert lowercase string second_division to DivisionValue" time="0.000056708">
        </testcase>
        <testcase classname="app/lib/__tests__/lib.helpers.test.ts" name="lib.helpers &gt; stringToDivisionValue &gt; should convert mixed case string Premier_Division to DivisionValue" time="0.00007325">
        </testcase>
        <testcase classname="app/lib/__tests__/lib.helpers.test.ts" name="lib.helpers &gt; stringToDivisionValue &gt; should convert mixed case string First_DIVISION to DivisionValue" time="0.000049916">
        </testcase>
        <testcase classname="app/lib/__tests__/lib.helpers.test.ts" name="lib.helpers &gt; stringToDivisionValue &gt; should return undefined for invalid string INVALID_DIVISION" time="0.000055125">
        </testcase>
        <testcase classname="app/lib/__tests__/lib.helpers.test.ts" name="lib.helpers &gt; stringToDivisionValue &gt; should return undefined for invalid string random_string" time="0.00005275">
        </testcase>
        <testcase classname="app/lib/__tests__/lib.helpers.test.ts" name="lib.helpers &gt; stringToDivisionValue &gt; should return undefined for invalid string 123" time="0.000050041">
        </testcase>
        <testcase classname="app/lib/__tests__/lib.helpers.test.ts" name="lib.helpers &gt; stringToDivisionValue &gt; should return undefined for invalid string " time="0.000055125">
        </testcase>
        <testcase classname="app/lib/__tests__/lib.helpers.test.ts" name="lib.helpers &gt; stringToDivisionValue &gt; should return undefined for null input" time="0.000059666">
        </testcase>
        <testcase classname="app/lib/__tests__/lib.helpers.test.ts" name="lib.helpers &gt; stringToDivisionValue &gt; should return undefined for undefined input" time="0.000054542">
        </testcase>
        <testcase classname="app/lib/__tests__/lib.helpers.test.ts" name="lib.helpers &gt; Integration tests &gt; should have consistent behavior between string conversion functions" time="0.000108666">
        </testcase>
        <testcase classname="app/lib/__tests__/lib.helpers.test.ts" name="lib.helpers &gt; Integration tests &gt; should have consistent labels between different implementations" time="0.000139416">
        </testcase>
        <testcase classname="app/lib/__tests__/lib.helpers.test.ts" name="lib.helpers &gt; Integration tests &gt; should maintain order consistency" time="0.000101209">
        </testcase>
        <testcase classname="app/lib/__tests__/lib.helpers.test.ts" name="lib.helpers &gt; stringToCategory &gt; should convert valid string JO8 to Category enum" time="0.000087792">
        </testcase>
        <testcase classname="app/lib/__tests__/lib.helpers.test.ts" name="lib.helpers &gt; stringToCategory &gt; should convert valid string JO9 to Category enum" time="0.000061">
        </testcase>
        <testcase classname="app/lib/__tests__/lib.helpers.test.ts" name="lib.helpers &gt; stringToCategory &gt; should convert valid string JO10 to Category enum" time="0.000067958">
        </testcase>
        <testcase classname="app/lib/__tests__/lib.helpers.test.ts" name="lib.helpers &gt; stringToCategory &gt; should convert valid string JO11 to Category enum" time="0.000071875">
        </testcase>
        <testcase classname="app/lib/__tests__/lib.helpers.test.ts" name="lib.helpers &gt; stringToCategory &gt; should convert valid string JO12 to Category enum" time="0.000070416">
        </testcase>
        <testcase classname="app/lib/__tests__/lib.helpers.test.ts" name="lib.helpers &gt; stringToCategory &gt; should convert valid string JO13 to Category enum" time="0.000061291">
        </testcase>
        <testcase classname="app/lib/__tests__/lib.helpers.test.ts" name="lib.helpers &gt; stringToCategory &gt; should convert valid string JO14 to Category enum" time="0.000058541">
        </testcase>
        <testcase classname="app/lib/__tests__/lib.helpers.test.ts" name="lib.helpers &gt; stringToCategory &gt; should convert valid string JO15 to Category enum" time="0.000063125">
        </testcase>
        <testcase classname="app/lib/__tests__/lib.helpers.test.ts" name="lib.helpers &gt; stringToCategory &gt; should convert valid string JO16 to Category enum" time="0.00006225">
        </testcase>
        <testcase classname="app/lib/__tests__/lib.helpers.test.ts" name="lib.helpers &gt; stringToCategory &gt; should convert valid string JO17 to Category enum" time="0.000068125">
        </testcase>
        <testcase classname="app/lib/__tests__/lib.helpers.test.ts" name="lib.helpers &gt; stringToCategory &gt; should convert valid string JO19 to Category enum" time="0.000062709">
        </testcase>
        <testcase classname="app/lib/__tests__/lib.helpers.test.ts" name="lib.helpers &gt; stringToCategory &gt; should convert valid string MO8 to Category enum" time="0.00005925">
        </testcase>
        <testcase classname="app/lib/__tests__/lib.helpers.test.ts" name="lib.helpers &gt; stringToCategory &gt; should convert valid string MO9 to Category enum" time="0.000057708">
        </testcase>
        <testcase classname="app/lib/__tests__/lib.helpers.test.ts" name="lib.helpers &gt; stringToCategory &gt; should convert valid string MO10 to Category enum" time="0.00007775">
        </testcase>
        <testcase classname="app/lib/__tests__/lib.helpers.test.ts" name="lib.helpers &gt; stringToCategory &gt; should convert valid string MO11 to Category enum" time="0.000058292">
        </testcase>
        <testcase classname="app/lib/__tests__/lib.helpers.test.ts" name="lib.helpers &gt; stringToCategory &gt; should convert valid string MO12 to Category enum" time="0.000057916">
        </testcase>
        <testcase classname="app/lib/__tests__/lib.helpers.test.ts" name="lib.helpers &gt; stringToCategory &gt; should convert valid string MO13 to Category enum" time="0.00006025">
        </testcase>
        <testcase classname="app/lib/__tests__/lib.helpers.test.ts" name="lib.helpers &gt; stringToCategory &gt; should convert valid string MO14 to Category enum" time="0.000058166">
        </testcase>
        <testcase classname="app/lib/__tests__/lib.helpers.test.ts" name="lib.helpers &gt; stringToCategory &gt; should convert valid string MO15 to Category enum" time="0.000058917">
        </testcase>
        <testcase classname="app/lib/__tests__/lib.helpers.test.ts" name="lib.helpers &gt; stringToCategory &gt; should convert valid string MO16 to Category enum" time="0.000065708">
        </testcase>
        <testcase classname="app/lib/__tests__/lib.helpers.test.ts" name="lib.helpers &gt; stringToCategory &gt; should convert valid string MO17 to Category enum" time="0.00008025">
        </testcase>
        <testcase classname="app/lib/__tests__/lib.helpers.test.ts" name="lib.helpers &gt; stringToCategory &gt; should convert valid string MO19 to Category enum" time="0.000060375">
        </testcase>
        <testcase classname="app/lib/__tests__/lib.helpers.test.ts" name="lib.helpers &gt; stringToCategory &gt; should convert valid string VETERANEN_35_PLUS to Category enum" time="0.0000555">
        </testcase>
        <testcase classname="app/lib/__tests__/lib.helpers.test.ts" name="lib.helpers &gt; stringToCategory &gt; should convert valid string VETERANEN_40_PLUS to Category enum" time="0.0000575">
        </testcase>
        <testcase classname="app/lib/__tests__/lib.helpers.test.ts" name="lib.helpers &gt; stringToCategory &gt; should convert valid string VETERANEN_45_PLUS to Category enum" time="0.000055084">
        </testcase>
        <testcase classname="app/lib/__tests__/lib.helpers.test.ts" name="lib.helpers &gt; stringToCategory &gt; should convert valid string VETERANEN_50_PLUS to Category enum" time="0.000060542">
        </testcase>
        <testcase classname="app/lib/__tests__/lib.helpers.test.ts" name="lib.helpers &gt; stringToCategory &gt; should convert lowercase string jo8 to Category enum" time="0.000081125">
        </testcase>
        <testcase classname="app/lib/__tests__/lib.helpers.test.ts" name="lib.helpers &gt; stringToCategory &gt; should convert mixed case string Jo9 to Category enum" time="0.000105333">
        </testcase>
        <testcase classname="app/lib/__tests__/lib.helpers.test.ts" name="lib.helpers &gt; stringToCategory &gt; should convert lowercase string veteranen_35_plus to Category enum" time="0.0000835">
        </testcase>
        <testcase classname="app/lib/__tests__/lib.helpers.test.ts" name="lib.helpers &gt; stringToCategory &gt; should return undefined for invalid string INVALID_CATEGORY" time="0.000079834">
        </testcase>
        <testcase classname="app/lib/__tests__/lib.helpers.test.ts" name="lib.helpers &gt; stringToCategory &gt; should return undefined for invalid string random_string" time="0.000068791">
        </testcase>
        <testcase classname="app/lib/__tests__/lib.helpers.test.ts" name="lib.helpers &gt; stringToCategory &gt; should return undefined for invalid string 123" time="0.000087917">
        </testcase>
        <testcase classname="app/lib/__tests__/lib.helpers.test.ts" name="lib.helpers &gt; stringToCategory &gt; should return undefined for empty string" time="0.000077333">
        </testcase>
        <testcase classname="app/lib/__tests__/lib.helpers.test.ts" name="lib.helpers &gt; stringToCategory &gt; should return undefined for null input" time="0.000069208">
        </testcase>
        <testcase classname="app/lib/__tests__/lib.helpers.test.ts" name="lib.helpers &gt; stringToCategory &gt; should return undefined for undefined input" time="0.000061917">
        </testcase>
        <testcase classname="app/lib/__tests__/lib.helpers.test.ts" name="lib.helpers &gt; isValidCategory &gt; should return true for valid category string JO8" time="0.000103208">
        </testcase>
        <testcase classname="app/lib/__tests__/lib.helpers.test.ts" name="lib.helpers &gt; isValidCategory &gt; should return true for valid category string JO9" time="0.000057375">
        </testcase>
        <testcase classname="app/lib/__tests__/lib.helpers.test.ts" name="lib.helpers &gt; isValidCategory &gt; should return true for valid category string JO10" time="0.000057834">
        </testcase>
        <testcase classname="app/lib/__tests__/lib.helpers.test.ts" name="lib.helpers &gt; isValidCategory &gt; should return true for valid category string JO11" time="0.000074833">
        </testcase>
        <testcase classname="app/lib/__tests__/lib.helpers.test.ts" name="lib.helpers &gt; isValidCategory &gt; should return true for valid category string JO12" time="0.000053167">
        </testcase>
[...]
        </testcase>
        <testcase classname="app/stores/helpers/__tests__/teamFormHelpers.test.ts" name="shouldValidateField &gt; returns true if forceShowAllErrors is true" time="0.000045708">
        </testcase>
        <testcase classname="app/stores/helpers/__tests__/teamFormHelpers.test.ts" name="shouldValidateField &gt; returns true if submitAttempted is true" time="0.000049084">
        </testcase>
        <testcase classname="app/stores/helpers/__tests__/teamFormHelpers.test.ts" name="shouldValidateField &gt; returns false if none are true" time="0.000040208">
        </testcase>
        <testcase classname="app/stores/helpers/__tests__/teamFormHelpers.test.ts" name="resetStatePreserving &gt; preserves specified keys" time="0.000144708">
        </testcase>
        <testcase classname="app/stores/helpers/__tests__/teamFormHelpers.test.ts" name="resetStatePreserving &gt; preserves multiple keys" time="0.000082666">
        </testcase>
        <testcase classname="app/stores/helpers/__tests__/teamFormHelpers.test.ts" name="resetStatePreserving &gt; returns initial state for other keys" time="0.000060917">
        </testcase>
    </testsuite>
    <testsuite name="app/stores/helpers/__tests__/tournamentFormHelpers.test.ts" timestamp="2025-08-11T17:20:20.486Z" hostname="Mac.HOME" tests="47" failures="0" errors="0" skipped="0" time="0.00468875">
        <testcase classname="app/stores/helpers/__tests__/tournamentFormHelpers.test.ts" name="tournamentFormHelpers &gt; isPanelValid &gt; should return true for panel 1 when name and location are valid in create mode" time="0.000793542">
        </testcase>
        <testcase classname="app/stores/helpers/__tests__/tournamentFormHelpers.test.ts" name="tournamentFormHelpers &gt; isPanelValid &gt; should return false for panel 1 when name is missing in create mode" time="0.0001175">
        </testcase>
        <testcase classname="app/stores/helpers/__tests__/tournamentFormHelpers.test.ts" name="tournamentFormHelpers &gt; isPanelValid &gt; should return false for panel 1 when there are display errors in create mode" time="0.000086917">
        </testcase>
        <testcase classname="app/stores/helpers/__tests__/tournamentFormHelpers.test.ts" name="tournamentFormHelpers &gt; isPanelValid &gt; should return true for panel 2 when dates are valid in create mode" time="0.000075875">
        </testcase>
        <testcase classname="app/stores/helpers/__tests__/tournamentFormHelpers.test.ts" name="tournamentFormHelpers &gt; isPanelValid &gt; should return false for panel 2 when startDate is missing in create mode" time="0.000069875">
        </testcase>
        <testcase classname="app/stores/helpers/__tests__/tournamentFormHelpers.test.ts" name="tournamentFormHelpers &gt; isPanelValid &gt; should return true for panel 3 when divisions are selected in create mode" time="0.000071834">
        </testcase>
        <testcase classname="app/stores/helpers/__tests__/tournamentFormHelpers.test.ts" name="tournamentFormHelpers &gt; isPanelValid &gt; should return false for panel 3 when divisions array is empty in create mode" time="0.0000665">
        </testcase>
        <testcase classname="app/stores/helpers/__tests__/tournamentFormHelpers.test.ts" name="tournamentFormHelpers &gt; isPanelValid &gt; should return true for panel 4 when categories are selected in create mode" time="0.0000605">
        </testcase>
        <testcase classname="app/stores/helpers/__tests__/tournamentFormHelpers.test.ts" name="tournamentFormHelpers &gt; isPanelValid &gt; should return false for panel 4 when categories array is empty in create mode" time="0.000071417">
        </testcase>
        <testcase classname="app/stores/helpers/__tests__/tournamentFormHelpers.test.ts" name="tournamentFormHelpers &gt; isPanelValid &gt; should return true for all panels in edit mode when fields have values" time="0.000133917">
        </testcase>
        <testcase classname="app/stores/helpers/__tests__/tournamentFormHelpers.test.ts" name="tournamentFormHelpers &gt; isPanelValid &gt; should return false for invalid panel number" time="0.0000695">
        </testcase>
        <testcase classname="app/stores/helpers/__tests__/tournamentFormHelpers.test.ts" name="tournamentFormHelpers &gt; isPanelEnabled &gt; should always enable all panels in edit mode" time="0.0000935">
        </testcase>
        <testcase classname="app/stores/helpers/__tests__/tournamentFormHelpers.test.ts" name="tournamentFormHelpers &gt; isPanelEnabled &gt; should always enable panel 1 in create mode" time="0.000049708">
        </testcase>
        <testcase classname="app/stores/helpers/__tests__/tournamentFormHelpers.test.ts" name="tournamentFormHelpers &gt; isPanelEnabled &gt; should enable panel 2 when panel 1 is valid in create mode" time="0.000045708">
        </testcase>
        <testcase classname="app/stores/helpers/__tests__/tournamentFormHelpers.test.ts" name="tournamentFormHelpers &gt; isPanelEnabled &gt; should enable panel 3 when panel 2 is valid in create mode" time="0.000042208">
        </testcase>
        <testcase classname="app/stores/helpers/__tests__/tournamentFormHelpers.test.ts" name="tournamentFormHelpers &gt; isPanelEnabled &gt; should not enable panel 4 when panel 3 is invalid in create mode" time="0.000049167">
        </testcase>
        <testcase classname="app/stores/helpers/__tests__/tournamentFormHelpers.test.ts" name="tournamentFormHelpers &gt; isPanelEnabled &gt; should return false for invalid panel number" time="0.000052334">
        </testcase>
        <testcase classname="app/stores/helpers/__tests__/tournamentFormHelpers.test.ts" name="tournamentFormHelpers &gt; isFormDirty &gt; should return false when form fields are identical" time="0.000063584">
        </testcase>
        <testcase classname="app/stores/helpers/__tests__/tournamentFormHelpers.test.ts" name="tournamentFormHelpers &gt; isFormDirty &gt; should return true when form fields are different" time="0.00004925">
        </testcase>
        <testcase classname="app/stores/helpers/__tests__/tournamentFormHelpers.test.ts" name="tournamentFormHelpers &gt; isFormDirty &gt; should return true when array fields are different" time="0.000045375">
        </testcase>
        <testcase classname="app/stores/helpers/__tests__/tournamentFormHelpers.test.ts" name="tournamentFormHelpers &gt; isFormDirty &gt; should return false when comparing empty forms" time="0.00004525">
        </testcase>
        <testcase classname="app/stores/helpers/__tests__/tournamentFormHelpers.test.ts" name="tournamentFormHelpers &gt; mergeErrors &gt; should merge display and server errors with server errors taking priority" time="0.000293834">
        </testcase>
        <testcase classname="app/stores/helpers/__tests__/tournamentFormHelpers.test.ts" name="tournamentFormHelpers &gt; mergeErrors &gt; should handle empty error objects" time="0.000096583">
        </testcase>
        <testcase classname="app/stores/helpers/__tests__/tournamentFormHelpers.test.ts" name="tournamentFormHelpers &gt; mapFlexibleToFormData &gt; should map all provided fields correctly" time="0.000113292">
        </testcase>
        <testcase classname="app/stores/helpers/__tests__/tournamentFormHelpers.test.ts" name="tournamentFormHelpers &gt; mapFlexibleToFormData &gt; should handle partial data" time="0.000061583">
        </testcase>
        <testcase classname="app/stores/helpers/__tests__/tournamentFormHelpers.test.ts" name="tournamentFormHelpers &gt; mapFlexibleToFormData &gt; should handle empty data" time="0.000055333">
        </testcase>
        <testcase classname="app/stores/helpers/__tests__/tournamentFormHelpers.test.ts" name="tournamentFormHelpers &gt; mapFlexibleToFormData &gt; should handle undefined and null values correctly" time="0.000067292">
        </testcase>
        <testcase classname="app/stores/helpers/__tests__/tournamentFormHelpers.test.ts" name="tournamentFormHelpers &gt; getPanelNumberForField &gt; should return correct panel number for panel 1 fields" time="0.000090292">
        </testcase>
        <testcase classname="app/stores/helpers/__tests__/tournamentFormHelpers.test.ts" name="tournamentFormHelpers &gt; getPanelNumberForField &gt; should return correct panel number for panel 2 fields" time="0.000051292">
        </testcase>
        <testcase classname="app/stores/helpers/__tests__/tournamentFormHelpers.test.ts" name="tournamentFormHelpers &gt; getPanelNumberForField &gt; should return correct panel number for panel 3 fields" time="0.000048583">
        </testcase>
        <testcase classname="app/stores/helpers/__tests__/tournamentFormHelpers.test.ts" name="tournamentFormHelpers &gt; getPanelNumberForField &gt; should return correct panel number for panel 4 fields" time="0.000044166">
        </testcase>
        <testcase classname="app/stores/helpers/__tests__/tournamentFormHelpers.test.ts" name="tournamentFormHelpers &gt; getPanelNumberForField &gt; should return 0 for unknown fields" time="0.000044916">
        </testcase>
        <testcase classname="app/stores/helpers/__tests__/tournamentFormHelpers.test.ts" name="tournamentFormHelpers &gt; shouldValidateField &gt; should return true when field is blurred" time="0.000056083">
        </testcase>
        <testcase classname="app/stores/helpers/__tests__/tournamentFormHelpers.test.ts" name="tournamentFormHelpers &gt; shouldValidateField &gt; should return true when forceShowAllErrors is true" time="0.000045333">
        </testcase>
        <testcase classname="app/stores/helpers/__tests__/tournamentFormHelpers.test.ts" name="tournamentFormHelpers &gt; shouldValidateField &gt; should return true when submitAttempted is true" time="0.000044625">
        </testcase>
        <testcase classname="app/stores/helpers/__tests__/tournamentFormHelpers.test.ts" name="tournamentFormHelpers &gt; shouldValidateField &gt; should return false when none of the conditions are met" time="0.000045833">
        </testcase>
        <testcase classname="app/stores/helpers/__tests__/tournamentFormHelpers.test.ts" name="tournamentFormHelpers &gt; shouldValidateField &gt; should return true when multiple conditions are met" time="0.00005275">
        </testcase>
        <testcase classname="app/stores/helpers/__tests__/tournamentFormHelpers.test.ts" name="tournamentFormHelpers &gt; resetStatePreserving &gt; should preserve specified keys" time="0.0000815">
        </testcase>
        <testcase classname="app/stores/helpers/__tests__/tournamentFormHelpers.test.ts" name="tournamentFormHelpers &gt; resetStatePreserving &gt; should preserve multiple keys" time="0.000067167">
        </testcase>
        <testcase classname="app/stores/helpers/__tests__/tournamentFormHelpers.test.ts" name="tournamentFormHelpers &gt; resetStatePreserving &gt; should return empty object when preserving no keys" time="0.000050291">
        </testcase>
        <testcase classname="app/stores/helpers/__tests__/tournamentFormHelpers.test.ts" name="tournamentFormHelpers &gt; isPanelComplete &gt; should return true when all panel fields are blurred and valid" time="0.000081333">
        </testcase>
        <testcase classname="app/stores/helpers/__tests__/tournamentFormHelpers.test.ts" name="tournamentFormHelpers &gt; isPanelComplete &gt; should return false when panel fields are not all blurred" time="0.000049875">
        </testcase>
        <testcase classname="app/stores/helpers/__tests__/tournamentFormHelpers.test.ts" name="tournamentFormHelpers &gt; isPanelComplete &gt; should return false when panel fields have errors" time="0.000047875">
        </testcase>
        <testcase classname="app/stores/helpers/__tests__/tournamentFormHelpers.test.ts" name="tournamentFormHelpers &gt; isPanelComplete &gt; should return false when panel fields are empty" time="0.00005325">
        </testcase>
        <testcase classname="app/stores/helpers/__tests__/tournamentFormHelpers.test.ts" name="tournamentFormHelpers &gt; isPanelComplete &gt; should handle array fields correctly" time="0.000050667">
        </testcase>
        <testcase classname="app/stores/helpers/__tests__/tournamentFormHelpers.test.ts" name="tournamentFormHelpers &gt; isPanelComplete &gt; should return false for array fields when they are empty" time="0.000061917">
        </testcase>
        <testcase classname="app/stores/helpers/__tests__/tournamentFormHelpers.test.ts" name="tournamentFormHelpers &gt; isPanelComplete &gt; should return false for invalid panel number" time="0.000048334">
        </testcase>
    </testsuite>
    <testsuite name="app/routes/a7k9m2x5p8w1n4q6r3y8b5t1/teams/__tests__/teams.$teamId.test.tsx" timestamp="2025-08-11T17:20:20.489Z" hostname="Mac.HOME" tests="11" failures="0" errors="0" skipped="0" time="0.076574042">
        <testcase classname="app/routes/a7k9m2x5p8w1n4q6r3y8b5t1/teams/__tests__/teams.$teamId.test.tsx" name="AdminTeamPage &gt; Header Display &gt; should display team name and club in header" time="0.009905333">
        </testcase>
        <testcase classname="app/routes/a7k9m2x5p8w1n4q6r3y8b5t1/teams/__tests__/teams.$teamId.test.tsx" name="AdminTeamPage &gt; Header Display &gt; should display translated division in header" time="0.001341125">
        </testcase>
        <testcase classname="app/routes/a7k9m2x5p8w1n4q6r3y8b5t1/teams/__tests__/teams.$teamId.test.tsx" name="AdminTeamPage &gt; Header Display &gt; should display fallback text when team data is missing" time="0.001037167">
        </testcase>
        <testcase classname="app/routes/a7k9m2x5p8w1n4q6r3y8b5t1/teams/__tests__/teams.$teamId.test.tsx" name="AdminTeamPage &gt; Delete Button &gt; should render delete button in header" time="0.006913834">
        </testcase>
        <testcase classname="app/routes/a7k9m2x5p8w1n4q6r3y8b5t1/teams/__tests__/teams.$teamId.test.tsx" name="AdminTeamPage &gt; Delete Button &gt; should show confirmation dialog when delete button is clicked" time="0.016420583">
        </testcase>
        <testcase classname="app/routes/a7k9m2x5p8w1n4q6r3y8b5t1/teams/__tests__/teams.$teamId.test.tsx" name="AdminTeamPage &gt; Delete Button &gt; should show confirmation dialog when confirmed" time="0.014218208">
        </testcase>
        <testcase classname="app/routes/a7k9m2x5p8w1n4q6r3y8b5t1/teams/__tests__/teams.$teamId.test.tsx" name="AdminTeamPage &gt; Delete Button &gt; should not show confirmation when cancelled" time="0.014346208">
        </testcase>
        <testcase classname="app/routes/a7k9m2x5p8w1n4q6r3y8b5t1/teams/__tests__/teams.$teamId.test.tsx" name="AdminTeamPage &gt; Team Form Integration &gt; should pass correct props to TeamForm component" time="0.004026709">
        </testcase>
        <testcase classname="app/routes/a7k9m2x5p8w1n4q6r3y8b5t1/teams/__tests__/teams.$teamId.test.tsx" name="AdminTeamPage &gt; Team Form Integration &gt; should pass action errors to TeamForm" time="0.001419166">
        </testcase>
        <testcase classname="app/routes/a7k9m2x5p8w1n4q6r3y8b5t1/teams/__tests__/teams.$teamId.test.tsx" name="AdminTeamPage &gt; Layout &gt; should have proper flex layout for header" time="0.001140375">
        </testcase>
        <testcase classname="app/routes/a7k9m2x5p8w1n4q6r3y8b5t1/teams/__tests__/teams.$teamId.test.tsx" name="AdminTeamPage &gt; Layout &gt; should position delete button correctly" time="0.004911208">
        </testcase>
    </testsuite>
    <testsuite name="app/routes/a7k9m2x5p8w1n4q6r3y8b5t1/tournaments/__tests__/tournaments.$tournamentId.test.tsx" timestamp="2025-08-11T17:20:20.490Z" hostname="Mac.HOME" tests="16" failures="0" errors="0" skipped="0" time="0.128936083">
        <testcase classname="app/routes/a7k9m2x5p8w1n4q6r3y8b5t1/tournaments/__tests__/tournaments.$tournamentId.test.tsx" name="EditTournamentPage &gt; Header Display &gt; should display tournament name in header" time="0.022556458">
        </testcase>
        <testcase classname="app/routes/a7k9m2x5p8w1n4q6r3y8b5t1/tournaments/__tests__/tournaments.$tournamentId.test.tsx" name="EditTournamentPage &gt; Header Display &gt; should display tournament location in header" time="0.001411709">
        </testcase>
        <testcase classname="app/routes/a7k9m2x5p8w1n4q6r3y8b5t1/tournaments/__tests__/tournaments.$tournamentId.test.tsx" name="EditTournamentPage &gt; Header Display &gt; should display fallback text when tournament data is missing" time="0.001157834">
        </testcase>
        <testcase classname="app/routes/a7k9m2x5p8w1n4q6r3y8b5t1/tournaments/__tests__/tournaments.$tournamentId.test.tsx" name="EditTournamentPage &gt; Delete Button &gt; should render delete button in header" time="0.019592458">
        </testcase>
        <testcase classname="app/routes/a7k9m2x5p8w1n4q6r3y8b5t1/tournaments/__tests__/tournaments.$tournamentId.test.tsx" name="EditTournamentPage &gt; Delete Button &gt; should show confirmation dialog when delete button is clicked" time="0.025571542">
        </testcase>
        <testcase classname="app/routes/a7k9m2x5p8w1n4q6r3y8b5t1/tournaments/__tests__/tournaments.$tournamentId.test.tsx" name="EditTournamentPage &gt; Delete Button &gt; should show confirmation dialog when confirmed" time="0.018029791">
        </testcase>
        <testcase classname="app/routes/a7k9m2x5p8w1n4q6r3y8b5t1/tournaments/__tests__/tournaments.$tournamentId.test.tsx" name="EditTournamentPage &gt; Delete Button &gt; should not show confirmation when cancelled" time="0.009453708">
        </testcase>
        <testcase classname="app/routes/a7k9m2x5p8w1n4q6r3y8b5t1/tournaments/__tests__/tournaments.$tournamentId.test.tsx" name="EditTournamentPage &gt; Success Message Display &gt; should display success message when action succeeds" time="0.002030417">
        </testcase>
        <testcase classname="app/routes/a7k9m2x5p8w1n4q6r3y8b5t1/tournaments/__tests__/tournaments.$tournamentId.test.tsx" name="EditTournamentPage &gt; Success Message Display &gt; should not display success message when no success" time="0.001071458">
        </testcase>
        <testcase classname="app/routes/a7k9m2x5p8w1n4q6r3y8b5t1/tournaments/__tests__/tournaments.$tournamentId.test.tsx" name="EditTournamentPage &gt; Tournament Form Integration &gt; should pass correct props to TournamentForm component" time="0.001267667">
        </testcase>
        <testcase classname="app/routes/a7k9m2x5p8w1n4q6r3y8b5t1/tournaments/__tests__/tournaments.$tournamentId.test.tsx" name="EditTournamentPage &gt; Tournament Form Integration &gt; should pass action errors to TournamentForm" time="0.001141667">
        </testcase>
        <testcase classname="app/routes/a7k9m2x5p8w1n4q6r3y8b5t1/tournaments/__tests__/tournaments.$tournamentId.test.tsx" name="EditTournamentPage &gt; Tournament Form Integration &gt; should pass success state to TournamentForm" time="0.001489209">
        </testcase>
        <testcase classname="app/routes/a7k9m2x5p8w1n4q6r3y8b5t1/tournaments/__tests__/tournaments.$tournamentId.test.tsx" name="EditTournamentPage &gt; Tournament Not Found &gt; should display not found message when tournament is null" time="0.002510917">
        </testcase>
        <testcase classname="app/routes/a7k9m2x5p8w1n4q6r3y8b5t1/tournaments/__tests__/tournaments.$tournamentId.test.tsx" name="EditTournamentPage &gt; Layout &gt; should have proper flex layout for header" time="0.00122525">
        </testcase>
        <testcase classname="app/routes/a7k9m2x5p8w1n4q6r3y8b5t1/tournaments/__tests__/tournaments.$tournamentId.test.tsx" name="EditTournamentPage &gt; Layout &gt; should position delete button correctly" time="0.018492709">
        </testcase>
        <testcase classname="app/routes/a7k9m2x5p8w1n4q6r3y8b5t1/tournaments/__tests__/tournaments.$tournamentId.test.tsx" name="EditTournamentPage &gt; Date Formatting &gt; should format dates correctly for form inputs" time="0.001021833">
        </testcase>
    </testsuite>
</testsuites>
