{
  "numTotalTestSuites": 72,
  "numPassedTestSuites": 72,
  "numFailedTestSuites": 0,
  "numPendingTestSuites": 0,
  "numTotalTests": 167,
  "numPassedTests": 167,
  "numFailedTests": 0,
  "numPendingTests": 0,
  "numTodoTests": 0,
  "snapshot": {
    "added": 0,
    "failure": false,
    "filesAdded": 0,
    "filesRemoved": 0,
    "filesRemovedList": [],
    "filesUnmatched": 0,
    "filesUpdated": 0,
    "matched": 0,
    "total": 0,
    "unchecked": 0,
    "uncheckedKeysByFile": [],
    "unmatched": 0,
    "updated": 0,
    "didUpdate": false
  },
  "startTime": 1749413496192,
  "success": true,
  "testResults": [
    {
      "assertionResults": [
        {
          "ancestorTitles": ["AppBar Context Menu", "Public User (Not Authenticated)"],
          "fullName": "AppBar Context Menu Public User (Not Authenticated) should show correct menu items for public user",
          "status": "passed",
          "title": "should show correct menu items for public user",
          "duration": 15.739166000000068,
          "failureMessages": [],
          "meta": {}
        },
        {
          "ancestorTitles": ["AppBar Context Menu", "Public User (Not Authenticated)"],
          "fullName": "AppBar Context Menu Public User (Not Authenticated) should show divider after Teams",
          "status": "passed",
          "title": "should show divider after Teams",
          "duration": 3.5286250000001473,
          "failureMessages": [],
          "meta": {}
        },
        {
          "ancestorTitles": ["AppBar Context Menu", "Regular Authenticated User"],
          "fullName": "AppBar Context Menu Regular Authenticated User should show correct menu items for authenticated user",
          "status": "passed",
          "title": "should show correct menu items for authenticated user",
          "duration": 3.703791999999794,
          "failureMessages": [],
          "meta": {}
        },
        {
          "ancestorTitles": ["AppBar Context Menu", "Regular Authenticated User"],
          "fullName": "AppBar Context Menu Regular Authenticated User should show authentication status as true",
          "status": "passed",
          "title": "should show authentication status as true",
          "duration": 3.8650410000000193,
          "failureMessages": [],
          "meta": {}
        },
        {
          "ancestorTitles": ["AppBar Context Menu", "Admin User"],
          "fullName": "AppBar Context Menu Admin User should show correct menu items for admin user",
          "status": "passed",
          "title": "should show correct menu items for admin user",
          "duration": 4.104832999999871,
          "failureMessages": [],
          "meta": {}
        },
        {
          "ancestorTitles": ["AppBar Context Menu", "Admin User"],
          "fullName": "AppBar Context Menu Admin User should show Admin Panel with correct properties",
          "status": "passed",
          "title": "should show Admin Panel with correct properties",
          "duration": 3.7090840000000753,
          "failureMessages": [],
          "meta": {}
        },
        {
          "ancestorTitles": ["AppBar Context Menu", "Admin User"],
          "fullName": "AppBar Context Menu Admin User should position Admin Panel right after Teams and divider",
          "status": "passed",
          "title": "should position Admin Panel right after Teams and divider",
          "duration": 5.252082999999857,
          "failureMessages": [],
          "meta": {}
        },
        {
          "ancestorTitles": [
            "AppBar Context Menu",
            "Menu Item Authentication Requirements"
          ],
          "fullName": "AppBar Context Menu Menu Item Authentication Requirements should filter out authenticated items for non-authenticated users",
          "status": "passed",
          "title": "should filter out authenticated items for non-authenticated users",
          "duration": 5.115709000000152,
          "failureMessages": [],
          "meta": {}
        },
        {
          "ancestorTitles": [
            "AppBar Context Menu",
            "Menu Item Authentication Requirements"
          ],
          "fullName": "AppBar Context Menu Menu Item Authentication Requirements should show authenticated items for authenticated users",
          "status": "passed",
          "title": "should show authenticated items for authenticated users",
          "duration": 3.3674999999998363,
          "failureMessages": [],
          "meta": {}
        },
        {
          "ancestorTitles": ["AppBar Context Menu", "Role-Specific Behavior"],
          "fullName": "AppBar Context Menu Role-Specific Behavior should hide Admin Panel for non-admin roles",
          "status": "passed",
          "title": "should hide Admin Panel for non-admin roles",
          "duration": 11.964291999999887,
          "failureMessages": [],
          "meta": {}
        },
        {
          "ancestorTitles": ["AppBar Context Menu", "Role-Specific Behavior"],
          "fullName": "AppBar Context Menu Role-Specific Behavior should show Admin Panel only for ADMIN role",
          "status": "passed",
          "title": "should show Admin Panel only for ADMIN role",
          "duration": 3.5337500000000546,
          "failureMessages": [],
          "meta": {}
        },
        {
          "ancestorTitles": ["AppBar Context Menu", "Menu Structure Consistency"],
          "fullName": "AppBar Context Menu Menu Structure Consistency should always show Teams as the first item",
          "status": "passed",
          "title": "should always show Teams as the first item",
          "duration": 9.263083000000051,
          "failureMessages": [],
          "meta": {}
        },
        {
          "ancestorTitles": ["AppBar Context Menu", "Menu Structure Consistency"],
          "fullName": "AppBar Context Menu Menu Structure Consistency should always show About before the last items (language and auth)",
          "status": "passed",
          "title": "should always show About before the last items (language and auth)",
          "duration": 2.26883399999997,
          "failureMessages": [],
          "meta": {}
        },
        {
          "ancestorTitles": ["AppBar Context Menu", "Both Mobile and Desktop Menus"],
          "fullName": "AppBar Context Menu Both Mobile and Desktop Menus should render both mobile and desktop UserMenu instances",
          "status": "passed",
          "title": "should render both mobile and desktop UserMenu instances",
          "duration": 2.0072500000001128,
          "failureMessages": [],
          "meta": {}
        },
        {
          "ancestorTitles": ["AppBar Context Menu", "Both Mobile and Desktop Menus"],
          "fullName": "AppBar Context Menu Both Mobile and Desktop Menus should have identical menu items in both mobile and desktop versions",
          "status": "passed",
          "title": "should have identical menu items in both mobile and desktop versions",
          "duration": 3.3093750000000455,
          "failureMessages": [],
          "meta": {}
        }
      ],
      "startTime": 1749413497323,
      "endTime": 1749413497403.3093,
      "status": "passed",
      "message": "",
      "name": "/Users/madrus/dev/biz/toernooien/tournado/app/components/__tests__/AppBar.test.tsx"
    },
    {
      "assertionResults": [
        {
          "ancestorTitles": ["AuthErrorBoundary"],
          "fullName": "AuthErrorBoundary should render 404 route error correctly",
          "status": "passed",
          "title": "should render 404 route error correctly",
          "duration": 16.141750000000002,
          "failureMessages": [],
          "meta": {}
        },
        {
          "ancestorTitles": ["AuthErrorBoundary"],
          "fullName": "AuthErrorBoundary should render 401 route error correctly",
          "status": "passed",
          "title": "should render 401 route error correctly",
          "duration": 1.5561249999999518,
          "failureMessages": [],
          "meta": {}
        },
        {
          "ancestorTitles": ["AuthErrorBoundary"],
          "fullName": "AuthErrorBoundary should render 403 route error correctly",
          "status": "passed",
          "title": "should render 403 route error correctly",
          "duration": 1.1469169999999167,
          "failureMessages": [],
          "meta": {}
        },
        {
          "ancestorTitles": ["AuthErrorBoundary"],
          "fullName": "AuthErrorBoundary should render other route errors with default message",
          "status": "passed",
          "title": "should render other route errors with default message",
          "duration": 0.99025000000006,
          "failureMessages": [],
          "meta": {}
        },
        {
          "ancestorTitles": ["AuthErrorBoundary"],
          "fullName": "AuthErrorBoundary should render JavaScript error correctly",
          "status": "passed",
          "title": "should render JavaScript error correctly",
          "duration": 1.2353749999999764,
          "failureMessages": [],
          "meta": {}
        },
        {
          "ancestorTitles": ["AuthErrorBoundary"],
          "fullName": "AuthErrorBoundary should render unknown error correctly",
          "status": "passed",
          "title": "should render unknown error correctly",
          "duration": 1.008874999999989,
          "failureMessages": [],
          "meta": {}
        }
      ],
      "startTime": 1749413497226,
      "endTime": 1749413497248.0088,
      "status": "passed",
      "message": "",
      "name": "/Users/madrus/dev/biz/toernooien/tournado/app/components/__tests__/AuthErrorBoundary.test.tsx"
    },
    {
      "assertionResults": [
        {
          "ancestorTitles": ["GeneralErrorBoundary"],
          "fullName": "GeneralErrorBoundary should render route error with default status handler for 404",
          "status": "passed",
          "title": "should render route error with default status handler for 404",
          "duration": 18.634916999999973,
          "failureMessages": [],
          "meta": {}
        },
        {
          "ancestorTitles": ["GeneralErrorBoundary"],
          "fullName": "GeneralErrorBoundary should render route error with default status handler for other status",
          "status": "passed",
          "title": "should render route error with default status handler for other status",
          "duration": 1.6477089999999635,
          "failureMessages": [],
          "meta": {}
        },
        {
          "ancestorTitles": ["GeneralErrorBoundary"],
          "fullName": "GeneralErrorBoundary should render with custom status handler when provided",
          "status": "passed",
          "title": "should render with custom status handler when provided",
          "duration": 1.5969159999999647,
          "failureMessages": [],
          "meta": {}
        },
        {
          "ancestorTitles": ["GeneralErrorBoundary"],
          "fullName": "GeneralErrorBoundary should render with unexpected error handler for non-route errors",
          "status": "passed",
          "title": "should render with unexpected error handler for non-route errors",
          "duration": 1.269916999999964,
          "failureMessages": [],
          "meta": {}
        },
        {
          "ancestorTitles": ["GeneralErrorBoundary"],
          "fullName": "GeneralErrorBoundary should render with custom unexpected error handler when provided",
          "status": "passed",
          "title": "should render with custom unexpected error handler when provided",
          "duration": 0.9229159999999865,
          "failureMessages": [],
          "meta": {}
        }
      ],
      "startTime": 1749413497232,
      "endTime": 1749413497256.9229,
      "status": "passed",
      "message": "",
      "name": "/Users/madrus/dev/biz/toernooien/tournado/app/components/__tests__/GeneralErrorBoundary.test.tsx"
    },
    {
      "assertionResults": [
        {
          "ancestorTitles": ["PrefetchLink"],
          "fullName": "PrefetchLink renders basic link with default prefetch context",
          "status": "passed",
          "title": "renders basic link with default prefetch context",
          "duration": 16.156124999999975,
          "failureMessages": [],
          "meta": {}
        },
        {
          "ancestorTitles": ["PrefetchLink"],
          "fullName": "PrefetchLink uses custom prefetch context",
          "status": "passed",
          "title": "uses custom prefetch context",
          "duration": 2.114500000000021,
          "failureMessages": [],
          "meta": {}
        },
        {
          "ancestorTitles": ["PrefetchLink"],
          "fullName": "PrefetchLink uses override prefetch strategy",
          "status": "passed",
          "title": "uses override prefetch strategy",
          "duration": 1.1515419999999494,
          "failureMessages": [],
          "meta": {}
        },
        {
          "ancestorTitles": ["PrefetchLink"],
          "fullName": "PrefetchLink handles object-based to prop",
          "status": "passed",
          "title": "handles object-based to prop",
          "duration": 0.8421670000000177,
          "failureMessages": [],
          "meta": {}
        },
        {
          "ancestorTitles": ["PrefetchLink"],
          "fullName": "PrefetchLink handles object-based to prop without pathname",
          "status": "passed",
          "title": "handles object-based to prop without pathname",
          "duration": 0.9096250000000055,
          "failureMessages": [],
          "meta": {}
        },
        {
          "ancestorTitles": ["PrefetchLink"],
          "fullName": "PrefetchLink disables adaptive prefetching when adaptive=false",
          "status": "passed",
          "title": "disables adaptive prefetching when adaptive=false",
          "duration": 0.7457500000000437,
          "failureMessages": [],
          "meta": {}
        },
        {
          "ancestorTitles": ["PrefetchLink"],
          "fullName": "PrefetchLink applies adaptive prefetching for slow connections",
          "status": "passed",
          "title": "applies adaptive prefetching for slow connections",
          "duration": 0.7231669999999895,
          "failureMessages": [],
          "meta": {}
        },
        {
          "ancestorTitles": ["PrefetchLink"],
          "fullName": "PrefetchLink applies adaptive prefetching for 2g connections",
          "status": "passed",
          "title": "applies adaptive prefetching for 2g connections",
          "duration": 0.7231669999999895,
          "failureMessages": [],
          "meta": {}
        },
        {
          "ancestorTitles": ["PrefetchLink"],
          "fullName": "PrefetchLink applies adaptive prefetching for data saver mode",
          "status": "passed",
          "title": "applies adaptive prefetching for data saver mode",
          "duration": 3.479165999999964,
          "failureMessages": [],
          "meta": {}
        },
        {
          "ancestorTitles": ["PrefetchLink"],
          "fullName": "PrefetchLink applies adaptive prefetching for mobile devices",
          "status": "passed",
          "title": "applies adaptive prefetching for mobile devices",
          "duration": 1.1164999999999736,
          "failureMessages": [],
          "meta": {}
        },
        {
          "ancestorTitles": ["PrefetchNavLink"],
          "fullName": "PrefetchNavLink renders NavLink with default primary navigation context",
          "status": "passed",
          "title": "renders NavLink with default primary navigation context",
          "duration": 2.2199580000001333,
          "failureMessages": [],
          "meta": {}
        },
        {
          "ancestorTitles": ["PrefetchNavLink"],
          "fullName": "PrefetchNavLink uses custom prefetch context",
          "status": "passed",
          "title": "uses custom prefetch context",
          "duration": 0.9284580000000915,
          "failureMessages": [],
          "meta": {}
        },
        {
          "ancestorTitles": ["PrefetchNavLink"],
          "fullName": "PrefetchNavLink handles object-based to prop",
          "status": "passed",
          "title": "handles object-based to prop",
          "duration": 0.726334000000179,
          "failureMessages": [],
          "meta": {}
        },
        {
          "ancestorTitles": ["PrefetchNavLink"],
          "fullName": "PrefetchNavLink applies adaptive prefetching",
          "status": "passed",
          "title": "applies adaptive prefetching",
          "duration": 0.7039579999998296,
          "failureMessages": [],
          "meta": {}
        },
        {
          "ancestorTitles": ["Specialized Link Components"],
          "fullName": "Specialized Link Components PrimaryNavLink uses primaryNavigation context",
          "status": "passed",
          "title": "PrimaryNavLink uses primaryNavigation context",
          "duration": 0.7120829999998932,
          "failureMessages": [],
          "meta": {}
        },
        {
          "ancestorTitles": ["Specialized Link Components"],
          "fullName": "Specialized Link Components ActionLink uses actionButtons context",
          "status": "passed",
          "title": "ActionLink uses actionButtons context",
          "duration": 0.7012079999999514,
          "failureMessages": [],
          "meta": {}
        },
        {
          "ancestorTitles": ["Specialized Link Components"],
          "fullName": "Specialized Link Components ListItemLink uses listItems context",
          "status": "passed",
          "title": "ListItemLink uses listItems context",
          "duration": 0.7690410000000156,
          "failureMessages": [],
          "meta": {}
        },
        {
          "ancestorTitles": ["Specialized Link Components"],
          "fullName": "Specialized Link Components ErrorRecoveryLink uses errorPageLinks context",
          "status": "passed",
          "title": "ErrorRecoveryLink uses errorPageLinks context",
          "duration": 0.7430830000000697,
          "failureMessages": [],
          "meta": {}
        },
        {
          "ancestorTitles": ["Specialized Link Components"],
          "fullName": "Specialized Link Components ListItemNavLink uses listItems context with NavLink",
          "status": "passed",
          "title": "ListItemNavLink uses listItems context with NavLink",
          "duration": 0.7492919999999685,
          "failureMessages": [],
          "meta": {}
        },
        {
          "ancestorTitles": ["Specialized Link Components"],
          "fullName": "Specialized Link Components specialized components accept additional props",
          "status": "passed",
          "title": "specialized components accept additional props",
          "duration": 0.8046670000001086,
          "failureMessages": [],
          "meta": {}
        },
        {
          "ancestorTitles": ["Defensive programming and edge cases"],
          "fullName": "Defensive programming and edge cases component renders successfully with minimal props",
          "status": "passed",
          "title": "component renders successfully with minimal props",
          "duration": 0.6538329999998496,
          "failureMessages": [],
          "meta": {}
        },
        {
          "ancestorTitles": ["Defensive programming and edge cases"],
          "fullName": "Defensive programming and edge cases handles adaptive prefetching when navigator.connection is unavailable",
          "status": "passed",
          "title": "handles adaptive prefetching when navigator.connection is unavailable",
          "duration": 0.652084000000059,
          "failureMessages": [],
          "meta": {}
        }
      ],
      "startTime": 1749413497224,
      "endTime": 1749413497262.6538,
      "status": "passed",
      "message": "",
      "name": "/Users/madrus/dev/biz/toernooien/tournado/app/components/__tests__/PrefetchLink.test.tsx"
    },
    {
      "assertionResults": [
        {
          "ancestorTitles": ["useAuthStore"],
          "fullName": "useAuthStore should initialize with default values",
          "status": "passed",
          "title": "should initialize with default values",
          "duration": 1.9049589999999625,
          "failureMessages": [],
          "meta": {}
        },
        {
          "ancestorTitles": ["useAuthStore"],
          "fullName": "useAuthStore should set authentication state",
          "status": "passed",
          "title": "should set authentication state",
          "duration": 0.34216700000001765,
          "failureMessages": [],
          "meta": {}
        },
        {
          "ancestorTitles": ["useAuthStore"],
          "fullName": "useAuthStore should unset authentication state",
          "status": "passed",
          "title": "should unset authentication state",
          "duration": 0.22545800000000327,
          "failureMessages": [],
          "meta": {}
        },
        {
          "ancestorTitles": ["useAuthStore"],
          "fullName": "useAuthStore should persist state to sessionStorage",
          "status": "passed",
          "title": "should persist state to sessionStorage",
          "duration": 1.4355830000000651,
          "failureMessages": [],
          "meta": {}
        },
        {
          "ancestorTitles": ["useAuthStore"],
          "fullName": "useAuthStore should handle multiple auth state changes",
          "status": "passed",
          "title": "should handle multiple auth state changes",
          "duration": 0.5782090000000153,
          "failureMessages": [],
          "meta": {}
        }
      ],
      "startTime": 1749413497052,
      "endTime": 1749413497056.5781,
      "status": "passed",
      "message": "",
      "name": "/Users/madrus/dev/biz/toernooien/tournado/app/stores/__tests__/useAuthStore.test.ts"
    },
    {
      "assertionResults": [
        {
          "ancestorTitles": ["getErrorMessage"],
          "fullName": "getErrorMessage returns string errors as-is",
          "status": "passed",
          "title": "returns string errors as-is",
          "duration": 3.094500000000039,
          "failureMessages": [],
          "meta": {}
        },
        {
          "ancestorTitles": ["getErrorMessage"],
          "fullName": "getErrorMessage extracts message from error objects",
          "status": "passed",
          "title": "extracts message from error objects",
          "duration": 0.30291699999997945,
          "failureMessages": [],
          "meta": {}
        },
        {
          "ancestorTitles": ["getErrorMessage"],
          "fullName": "getErrorMessage returns \"Unknown Error\" for non-string non-object-with-message values",
          "status": "passed",
          "title": "returns \"Unknown Error\" for non-string non-object-with-message values",
          "duration": 0.14941600000008748,
          "failureMessages": [],
          "meta": {}
        },
        {
          "ancestorTitles": ["getErrorMessage"],
          "fullName": "getErrorMessage handles objects with non-string message property",
          "status": "passed",
          "title": "handles objects with non-string message property",
          "duration": 0.08283300000005056,
          "failureMessages": [],
          "meta": {}
        },
        {
          "ancestorTitles": ["cn"],
          "fullName": "cn merges class names correctly",
          "status": "passed",
          "title": "merges class names correctly",
          "duration": 3.7686669999999367,
          "failureMessages": [],
          "meta": {}
        },
        {
          "ancestorTitles": ["cn"],
          "fullName": "cn handles conditional classes",
          "status": "passed",
          "title": "handles conditional classes",
          "duration": 0.13279099999999744,
          "failureMessages": [],
          "meta": {}
        },
        {
          "ancestorTitles": ["cn"],
          "fullName": "cn handles empty values",
          "status": "passed",
          "title": "handles empty values",
          "duration": 0.08054199999992306,
          "failureMessages": [],
          "meta": {}
        },
        {
          "ancestorTitles": ["cn"],
          "fullName": "cn merges Tailwind classes correctly",
          "status": "passed",
          "title": "merges Tailwind classes correctly",
          "duration": 0.10233399999992798,
          "failureMessages": [],
          "meta": {}
        },
        {
          "ancestorTitles": ["invariantResponse"],
          "fullName": "invariantResponse does not throw when condition is true",
          "status": "passed",
          "title": "does not throw when condition is true",
          "duration": 0.5042080000000624,
          "failureMessages": [],
          "meta": {}
        },
        {
          "ancestorTitles": ["invariantResponse"],
          "fullName": "invariantResponse throws Response when condition is false",
          "status": "passed",
          "title": "throws Response when condition is false",
          "duration": 0.546875,
          "failureMessages": [],
          "meta": {}
        },
        {
          "ancestorTitles": ["invariantResponse"],
          "fullName": "invariantResponse uses custom message when provided",
          "status": "passed",
          "title": "uses custom message when provided",
          "duration": 0.12320799999997689,
          "failureMessages": [],
          "meta": {}
        },
        {
          "ancestorTitles": ["invariantResponse"],
          "fullName": "invariantResponse uses function message when provided",
          "status": "passed",
          "title": "uses function message when provided",
          "duration": 0.07991599999991195,
          "failureMessages": [],
          "meta": {}
        },
        {
          "ancestorTitles": ["invariantResponse"],
          "fullName": "invariantResponse uses default message when none provided",
          "status": "passed",
          "title": "uses default message when none provided",
          "duration": 0.06454200000007404,
          "failureMessages": [],
          "meta": {}
        },
        {
          "ancestorTitles": ["invariantResponse"],
          "fullName": "invariantResponse respects custom responseInit",
          "status": "passed",
          "title": "respects custom responseInit",
          "duration": 0.06891699999994216,
          "failureMessages": [],
          "meta": {}
        },
        {
          "ancestorTitles": ["isRouteErrorResponse"],
          "fullName": "isRouteErrorResponse returns true for route error responses",
          "status": "passed",
          "title": "returns true for route error responses",
          "duration": 0.059375000000045475,
          "failureMessages": [],
          "meta": {}
        },
        {
          "ancestorTitles": ["isRouteErrorResponse"],
          "fullName": "isRouteErrorResponse returns true for objects with status property",
          "status": "passed",
          "title": "returns true for objects with status property",
          "duration": 0.054708999999888874,
          "failureMessages": [],
          "meta": {}
        },
        {
          "ancestorTitles": ["isRouteErrorResponse"],
          "fullName": "isRouteErrorResponse returns false for non-objects",
          "status": "passed",
          "title": "returns false for non-objects",
          "duration": 0.08100000000001728,
          "failureMessages": [],
          "meta": {}
        },
        {
          "ancestorTitles": ["isRouteErrorResponse"],
          "fullName": "isRouteErrorResponse returns false for objects without status property",
          "status": "passed",
          "title": "returns false for objects without status property",
          "duration": 0.07887499999992542,
          "failureMessages": [],
          "meta": {}
        },
        {
          "ancestorTitles": ["isRouteErrorResponse"],
          "fullName": "isRouteErrorResponse returns false for falsy values",
          "status": "passed",
          "title": "returns false for falsy values",
          "duration": 0.06954200000006949,
          "failureMessages": [],
          "meta": {}
        }
      ],
      "startTime": 1749413497093,
      "endTime": 1749413497103.081,
      "status": "passed",
      "message": "",
      "name": "/Users/madrus/dev/biz/toernooien/tournado/app/utils/__tests__/misc.test.tsx"
    },
    {
      "assertionResults": [
        {
          "ancestorTitles": ["defaultPrefetchConfig"],
          "fullName": "defaultPrefetchConfig has all required properties with correct types",
          "status": "passed",
          "title": "has all required properties with correct types",
          "duration": 0.8524580000000697,
          "failureMessages": [],
          "meta": {}
        },
        {
          "ancestorTitles": ["defaultPrefetchConfig"],
          "fullName": "defaultPrefetchConfig uses performance-optimized strategies",
          "status": "passed",
          "title": "uses performance-optimized strategies",
          "duration": 0.13154199999996763,
          "failureMessages": [],
          "meta": {}
        },
        {
          "ancestorTitles": ["routePrefetchOverrides"],
          "fullName": "routePrefetchOverrides has expected route overrides",
          "status": "passed",
          "title": "has expected route overrides",
          "duration": 0.1994999999999436,
          "failureMessages": [],
          "meta": {}
        },
        {
          "ancestorTitles": ["routePrefetchOverrides"],
          "fullName": "routePrefetchOverrides prioritizes high-traffic routes appropriately",
          "status": "passed",
          "title": "prioritizes high-traffic routes appropriately",
          "duration": 0.0840410000000702,
          "failureMessages": [],
          "meta": {}
        },
        {
          "ancestorTitles": ["getPrefetchStrategy"],
          "fullName": "getPrefetchStrategy returns route-specific overrides when available",
          "status": "passed",
          "title": "returns route-specific overrides when available",
          "duration": 0.10258299999998144,
          "failureMessages": [],
          "meta": {}
        },
        {
          "ancestorTitles": ["getPrefetchStrategy"],
          "fullName": "getPrefetchStrategy falls back to context-based strategy when no override exists",
          "status": "passed",
          "title": "falls back to context-based strategy when no override exists",
          "duration": 0.09608300000002146,
          "failureMessages": [],
          "meta": {}
        },
        {
          "ancestorTitles": ["getPrefetchStrategy"],
          "fullName": "getPrefetchStrategy uses custom config when provided",
          "status": "passed",
          "title": "uses custom config when provided",
          "duration": 0.07637500000009823,
          "failureMessages": [],
          "meta": {}
        },
        {
          "ancestorTitles": ["getPrefetchStrategy"],
          "fullName": "getPrefetchStrategy route overrides take precedence over custom config",
          "status": "passed",
          "title": "route overrides take precedence over custom config",
          "duration": 0.06562499999995453,
          "failureMessages": [],
          "meta": {}
        },
        {
          "ancestorTitles": ["getAdaptivePrefetchStrategy"],
          "fullName": "getAdaptivePrefetchStrategy returns base strategy when no context provided",
          "status": "passed",
          "title": "returns base strategy when no context provided",
          "duration": 0.09649999999999181,
          "failureMessages": [],
          "meta": {}
        },
        {
          "ancestorTitles": ["getAdaptivePrefetchStrategy"],
          "fullName": "getAdaptivePrefetchStrategy reduces prefetching on slow connections",
          "status": "passed",
          "title": "reduces prefetching on slow connections",
          "duration": 0.07729200000005676,
          "failureMessages": [],
          "meta": {}
        },
        {
          "ancestorTitles": ["getAdaptivePrefetchStrategy"],
          "fullName": "getAdaptivePrefetchStrategy reduces prefetching in low data mode",
          "status": "passed",
          "title": "reduces prefetching in low data mode",
          "duration": 0.0800410000000511,
          "failureMessages": [],
          "meta": {}
        },
        {
          "ancestorTitles": ["getAdaptivePrefetchStrategy"],
          "fullName": "getAdaptivePrefetchStrategy reduces aggressive prefetching on mobile",
          "status": "passed",
          "title": "reduces aggressive prefetching on mobile",
          "duration": 0.07900000000006457,
          "failureMessages": [],
          "meta": {}
        },
        {
          "ancestorTitles": ["getAdaptivePrefetchStrategy"],
          "fullName": "getAdaptivePrefetchStrategy combines multiple context constraints",
          "status": "passed",
          "title": "combines multiple context constraints",
          "duration": 0.060665999999969245,
          "failureMessages": [],
          "meta": {}
        },
        {
          "ancestorTitles": ["getAdaptivePrefetchStrategy"],
          "fullName": "getAdaptivePrefetchStrategy handles edge cases",
          "status": "passed",
          "title": "handles edge cases",
          "duration": 0.05979200000001583,
          "failureMessages": [],
          "meta": {}
        }
      ],
      "startTime": 1749413497042,
      "endTime": 1749413497045.079,
      "status": "passed",
      "message": "",
      "name": "/Users/madrus/dev/biz/toernooien/tournado/app/utils/__tests__/prefetch-types.test.ts"
    },
    {
      "assertionResults": [
        {
          "ancestorTitles": ["validateEmail"],
          "fullName": "validateEmail returns false for non-emails",
          "status": "passed",
          "title": "returns false for non-emails",
          "duration": 2.2177920000000313,
          "failureMessages": [],
          "meta": {}
        },
        {
          "ancestorTitles": ["validateEmail"],
          "fullName": "validateEmail returns true for emails",
          "status": "passed",
          "title": "returns true for emails",
          "duration": 0.1170830000000933,
          "failureMessages": [],
          "meta": {}
        },
        {
          "ancestorTitles": ["validateEmail"],
          "fullName": "validateEmail returns false for short strings",
          "status": "passed",
          "title": "returns false for short strings",
          "duration": 0.09354199999995672,
          "failureMessages": [],
          "meta": {}
        },
        {
          "ancestorTitles": ["validateEmail"],
          "fullName": "validateEmail returns true for valid email formats",
          "status": "passed",
          "title": "returns true for valid email formats",
          "duration": 0.07979199999999764,
          "failureMessages": [],
          "meta": {}
        },
        {
          "ancestorTitles": ["safeRedirect"],
          "fullName": "safeRedirect returns default redirect for null/undefined values",
          "status": "passed",
          "title": "returns default redirect for null/undefined values",
          "duration": 0.14458400000000893,
          "failureMessages": [],
          "meta": {}
        },
        {
          "ancestorTitles": ["safeRedirect"],
          "fullName": "safeRedirect returns custom default redirect when provided",
          "status": "passed",
          "title": "returns custom default redirect when provided",
          "duration": 0.17237499999998818,
          "failureMessages": [],
          "meta": {}
        },
        {
          "ancestorTitles": ["safeRedirect"],
          "fullName": "safeRedirect returns default redirect for non-string values",
          "status": "passed",
          "title": "returns default redirect for non-string values",
          "duration": 0.1210839999999962,
          "failureMessages": [],
          "meta": {}
        },
        {
          "ancestorTitles": ["safeRedirect"],
          "fullName": "safeRedirect returns default redirect for unsafe redirects",
          "status": "passed",
          "title": "returns default redirect for unsafe redirects",
          "duration": 0.33600000000001273,
          "failureMessages": [],
          "meta": {}
        },
        {
          "ancestorTitles": ["safeRedirect"],
          "fullName": "safeRedirect returns safe relative paths",
          "status": "passed",
          "title": "returns safe relative paths",
          "duration": 0.14224999999999,
          "failureMessages": [],
          "meta": {}
        },
        {
          "ancestorTitles": ["safeRedirect"],
          "fullName": "safeRedirect returns safe paths with query parameters",
          "status": "passed",
          "title": "returns safe paths with query parameters",
          "duration": 0.07225000000005366,
          "failureMessages": [],
          "meta": {}
        },
        {
          "ancestorTitles": ["safeRedirect"],
          "fullName": "safeRedirect returns safe paths with hash fragments",
          "status": "passed",
          "title": "returns safe paths with hash fragments",
          "duration": 0.0634579999999687,
          "failureMessages": [],
          "meta": {}
        },
        {
          "ancestorTitles": ["capitalize"],
          "fullName": "capitalize capitalizes first letter and lowercases rest",
          "status": "passed",
          "title": "capitalizes first letter and lowercases rest",
          "duration": 0.14895899999999074,
          "failureMessages": [],
          "meta": {}
        },
        {
          "ancestorTitles": ["capitalize"],
          "fullName": "capitalize handles empty strings",
          "status": "passed",
          "title": "handles empty strings",
          "duration": 0.06029200000000401,
          "failureMessages": [],
          "meta": {}
        },
        {
          "ancestorTitles": ["capitalize"],
          "fullName": "capitalize handles single character strings",
          "status": "passed",
          "title": "handles single character strings",
          "duration": 0.0645000000000664,
          "failureMessages": [],
          "meta": {}
        },
        {
          "ancestorTitles": ["capitalize"],
          "fullName": "capitalize handles strings with numbers and special characters",
          "status": "passed",
          "title": "handles strings with numbers and special characters",
          "duration": 0.0898339999999962,
          "failureMessages": [],
          "meta": {}
        },
        {
          "ancestorTitles": ["capitalize"],
          "fullName": "capitalize handles non-English characters",
          "status": "passed",
          "title": "handles non-English characters",
          "duration": 0.0998339999999871,
          "failureMessages": [],
          "meta": {}
        }
      ],
      "startTime": 1749413497083,
      "endTime": 1749413497087.149,
      "status": "passed",
      "message": "",
      "name": "/Users/madrus/dev/biz/toernooien/tournado/app/utils/__tests__/utils.test.ts"
    },
    {
      "assertionResults": [
        {
          "ancestorTitles": ["DesktopFooter", "Basic Rendering"],
          "fullName": "DesktopFooter Basic Rendering should render footer element",
          "status": "passed",
          "title": "should render footer element",
          "duration": 21.167500000000018,
          "failureMessages": [],
          "meta": {}
        },
        {
          "ancestorTitles": ["DesktopFooter", "Basic Rendering"],
          "fullName": "DesktopFooter Basic Rendering should be hidden on mobile (hidden md:block)",
          "status": "passed",
          "title": "should be hidden on mobile (hidden md:block)",
          "duration": 3.147459000000026,
          "failureMessages": [],
          "meta": {}
        },
        {
          "ancestorTitles": ["DesktopFooter", "Layout Structure"],
          "fullName": "DesktopFooter Layout Structure should have correct container structure",
          "status": "passed",
          "title": "should have correct container structure",
          "duration": 2.441250000000082,
          "failureMessages": [],
          "meta": {}
        },
        {
          "ancestorTitles": ["DesktopFooter", "Layout Structure"],
          "fullName": "DesktopFooter Layout Structure should have two main sections in grid layout",
          "status": "passed",
          "title": "should have two main sections in grid layout",
          "duration": 1.3783750000000055,
          "failureMessages": [],
          "meta": {}
        },
        {
          "ancestorTitles": ["DesktopFooter", "Logo Section"],
          "fullName": "DesktopFooter Logo Section should render Tournado logo link",
          "status": "passed",
          "title": "should render Tournado logo link",
          "duration": 2.603083999999967,
          "failureMessages": [],
          "meta": {}
        },
        {
          "ancestorTitles": ["DesktopFooter", "Logo Section"],
          "fullName": "DesktopFooter Logo Section should have correct logo styling",
          "status": "passed",
          "title": "should have correct logo styling",
          "duration": 1.711500000000001,
          "failureMessages": [],
          "meta": {}
        },
        {
          "ancestorTitles": ["DesktopFooter", "Logo Section"],
          "fullName": "DesktopFooter Logo Section should render logo as a span element",
          "status": "passed",
          "title": "should render logo as a span element",
          "duration": 3.719708999999966,
          "failureMessages": [],
          "meta": {}
        },
        {
          "ancestorTitles": ["DesktopFooter", "Attribution Section"],
          "fullName": "DesktopFooter Attribution Section should render attribution text",
          "status": "passed",
          "title": "should render attribution text",
          "duration": 1.1896670000000995,
          "failureMessages": [],
          "meta": {}
        },
        {
          "ancestorTitles": ["DesktopFooter", "Attribution Section"],
          "fullName": "DesktopFooter Attribution Section should have correct attribution styling",
          "status": "passed",
          "title": "should have correct attribution styling",
          "duration": 0.9892089999998461,
          "failureMessages": [],
          "meta": {}
        },
        {
          "ancestorTitles": ["DesktopFooter", "Attribution Section"],
          "fullName": "DesktopFooter Attribution Section should include heart emoji",
          "status": "passed",
          "title": "should include heart emoji",
          "duration": 1.143500000000131,
          "failureMessages": [],
          "meta": {}
        },
        {
          "ancestorTitles": ["DesktopFooter", "Accessibility"],
          "fullName": "DesktopFooter Accessibility should be accessible as contentinfo landmark",
          "status": "passed",
          "title": "should be accessible as contentinfo landmark",
          "duration": 1.2171670000000177,
          "failureMessages": [],
          "meta": {}
        },
        {
          "ancestorTitles": ["DesktopFooter", "Accessibility"],
          "fullName": "DesktopFooter Accessibility should have accessible logo link",
          "status": "passed",
          "title": "should have accessible logo link",
          "duration": 1.2214579999999842,
          "failureMessages": [],
          "meta": {}
        },
        {
          "ancestorTitles": ["DesktopFooter", "Responsive Design"],
          "fullName": "DesktopFooter Responsive Design should be hidden on mobile screens",
          "status": "passed",
          "title": "should be hidden on mobile screens",
          "duration": 0.9810829999998987,
          "failureMessages": [],
          "meta": {}
        },
        {
          "ancestorTitles": ["DesktopFooter", "Responsive Design"],
          "fullName": "DesktopFooter Responsive Design should be visible on desktop screens",
          "status": "passed",
          "title": "should be visible on desktop screens",
          "duration": 1.5979580000000624,
          "failureMessages": [],
          "meta": {}
        },
        {
          "ancestorTitles": ["DesktopFooter", "Grid Layout"],
          "fullName": "DesktopFooter Grid Layout should use 2-column grid layout",
          "status": "passed",
          "title": "should use 2-column grid layout",
          "duration": 1.155708999999888,
          "failureMessages": [],
          "meta": {}
        },
        {
          "ancestorTitles": ["DesktopFooter", "Grid Layout"],
          "fullName": "DesktopFooter Grid Layout should have fixed height",
          "status": "passed",
          "title": "should have fixed height",
          "duration": 0.9760839999999007,
          "failureMessages": [],
          "meta": {}
        },
        {
          "ancestorTitles": ["DesktopFooter", "Grid Layout"],
          "fullName": "DesktopFooter Grid Layout should be centered with container class",
          "status": "passed",
          "title": "should be centered with container class",
          "duration": 1.443749999999909,
          "failureMessages": [],
          "meta": {}
        },
        {
          "ancestorTitles": ["DesktopFooter", "Grid Layout"],
          "fullName": "DesktopFooter Grid Layout should have horizontal padding",
          "status": "passed",
          "title": "should have horizontal padding",
          "duration": 1.1837499999999181,
          "failureMessages": [],
          "meta": {}
        },
        {
          "ancestorTitles": ["DesktopFooter", "Component Structure"],
          "fullName": "DesktopFooter Component Structure should have correct DOM hierarchy",
          "status": "passed",
          "title": "should have correct DOM hierarchy",
          "duration": 1.0818750000000819,
          "failureMessages": [],
          "meta": {}
        },
        {
          "ancestorTitles": ["DesktopFooter", "Component Structure"],
          "fullName": "DesktopFooter Component Structure should render all expected elements",
          "status": "passed",
          "title": "should render all expected elements",
          "duration": 1.9211659999998574,
          "failureMessages": [],
          "meta": {}
        },
        {
          "ancestorTitles": ["DesktopFooter", "Text Content"],
          "fullName": "DesktopFooter Text Content should display correct brand name",
          "status": "passed",
          "title": "should display correct brand name",
          "duration": 0.9616659999999229,
          "failureMessages": [],
          "meta": {}
        },
        {
          "ancestorTitles": ["DesktopFooter", "Text Content"],
          "fullName": "DesktopFooter Text Content should display correct attribution",
          "status": "passed",
          "title": "should display correct attribution",
          "duration": 0.743167000000085,
          "failureMessages": [],
          "meta": {}
        },
        {
          "ancestorTitles": ["DesktopFooter", "Text Content"],
          "fullName": "DesktopFooter Text Content should not contain any additional text content",
          "status": "passed",
          "title": "should not contain any additional text content",
          "duration": 0.9152079999998932,
          "failureMessages": [],
          "meta": {}
        },
        {
          "ancestorTitles": ["DesktopFooter", "CSS Classes Verification"],
          "fullName": "DesktopFooter CSS Classes Verification should apply all required CSS classes correctly",
          "status": "passed",
          "title": "should apply all required CSS classes correctly",
          "duration": 1.2030419999998685,
          "failureMessages": [],
          "meta": {}
        }
      ],
      "startTime": 1749413497224,
      "endTime": 1749413497281.2031,
      "status": "passed",
      "message": "",
      "name": "/Users/madrus/dev/biz/toernooien/tournado/app/components/desktopFooter/__tests__/DesktopFooter.test.tsx"
    },
    {
      "assertionResults": [
        {
          "ancestorTitles": ["FooterLink", "Basic Rendering"],
          "fullName": "FooterLink Basic Rendering should render link with correct content and href",
          "status": "passed",
          "title": "should render link with correct content and href",
          "duration": 20.493582999999944,
          "failureMessages": [],
          "meta": {}
        },
        {
          "ancestorTitles": ["FooterLink", "Basic Rendering"],
          "fullName": "FooterLink Basic Rendering should render with different props",
          "status": "passed",
          "title": "should render with different props",
          "duration": 1.8072080000000597,
          "failureMessages": [],
          "meta": {}
        },
        {
          "ancestorTitles": ["FooterLink", "CSS Classes"],
          "fullName": "FooterLink CSS Classes should have default CSS classes",
          "status": "passed",
          "title": "should have default CSS classes",
          "duration": 2.210458000000017,
          "failureMessages": [],
          "meta": {}
        },
        {
          "ancestorTitles": ["FooterLink", "CSS Classes"],
          "fullName": "FooterLink CSS Classes should apply custom className prop",
          "status": "passed",
          "title": "should apply custom className prop",
          "duration": 1.057875000000081,
          "failureMessages": [],
          "meta": {}
        },
        {
          "ancestorTitles": ["FooterLink", "CSS Classes"],
          "fullName": "FooterLink CSS Classes should handle empty className prop",
          "status": "passed",
          "title": "should handle empty className prop",
          "duration": 1.1514999999999418,
          "failureMessages": [],
          "meta": {}
        },
        {
          "ancestorTitles": ["FooterLink", "CSS Classes"],
          "fullName": "FooterLink CSS Classes should handle undefined className prop",
          "status": "passed",
          "title": "should handle undefined className prop",
          "duration": 1.0318750000001273,
          "failureMessages": [],
          "meta": {}
        },
        {
          "ancestorTitles": ["FooterLink", "Accessibility"],
          "fullName": "FooterLink Accessibility should be accessible by role and name",
          "status": "passed",
          "title": "should be accessible by role and name",
          "duration": 0.9939170000000104,
          "failureMessages": [],
          "meta": {}
        },
        {
          "ancestorTitles": ["FooterLink", "Accessibility"],
          "fullName": "FooterLink Accessibility should work with different labels for screen readers",
          "status": "passed",
          "title": "should work with different labels for screen readers",
          "duration": 3.6738330000000587,
          "failureMessages": [],
          "meta": {}
        },
        {
          "ancestorTitles": ["FooterLink", "Props Handling"],
          "fullName": "FooterLink Props Handling should handle various route patterns",
          "status": "passed",
          "title": "should handle various route patterns",
          "duration": 5.350916999999981,
          "failureMessages": [],
          "meta": {}
        },
        {
          "ancestorTitles": ["FooterLink", "Props Handling"],
          "fullName": "FooterLink Props Handling should handle special characters in labels",
          "status": "passed",
          "title": "should handle special characters in labels",
          "duration": 3.1050410000000284,
          "failureMessages": [],
          "meta": {}
        },
        {
          "ancestorTitles": ["FooterLink", "Styling Integration"],
          "fullName": "FooterLink Styling Integration should combine default and custom classes correctly",
          "status": "passed",
          "title": "should combine default and custom classes correctly",
          "duration": 1.147958000000017,
          "failureMessages": [],
          "meta": {}
        },
        {
          "ancestorTitles": ["FooterLink", "Styling Integration"],
          "fullName": "FooterLink Styling Integration should apply hover effect class",
          "status": "passed",
          "title": "should apply hover effect class",
          "duration": 0.7340829999998277,
          "failureMessages": [],
          "meta": {}
        },
        {
          "ancestorTitles": ["FooterLink", "Styling Integration"],
          "fullName": "FooterLink Styling Integration should apply transition class for smooth interactions",
          "status": "passed",
          "title": "should apply transition class for smooth interactions",
          "duration": 1.3045420000000831,
          "failureMessages": [],
          "meta": {}
        },
        {
          "ancestorTitles": ["FooterLink", "Component Type and Structure"],
          "fullName": "FooterLink Component Type and Structure should render as a Link component from react-router",
          "status": "passed",
          "title": "should render as a Link component from react-router",
          "duration": 0.6433329999999842,
          "failureMessages": [],
          "meta": {}
        },
        {
          "ancestorTitles": ["FooterLink", "Component Type and Structure"],
          "fullName": "FooterLink Component Type and Structure should have proper DOM structure",
          "status": "passed",
          "title": "should have proper DOM structure",
          "duration": 0.9967089999997825,
          "failureMessages": [],
          "meta": {}
        },
        {
          "ancestorTitles": ["FooterLink", "Default Props Behavior"],
          "fullName": "FooterLink Default Props Behavior should use empty string as default className",
          "status": "passed",
          "title": "should use empty string as default className",
          "duration": 0.645958999999948,
          "failureMessages": [],
          "meta": {}
        }
      ],
      "startTime": 1749413497224,
      "endTime": 1749413497270.646,
      "status": "passed",
      "message": "",
      "name": "/Users/madrus/dev/biz/toernooien/tournado/app/components/desktopFooter/__tests__/FooterLink.test.tsx"
    },
    {
      "assertionResults": [
        {
          "ancestorTitles": ["BottomNavigation", "Basic Rendering"],
          "fullName": "BottomNavigation Basic Rendering should render navigation container with correct attributes",
          "status": "passed",
          "title": "should render navigation container with correct attributes",
          "duration": 18.054125,
          "failureMessages": [],
          "meta": {}
        },
        {
          "ancestorTitles": ["BottomNavigation", "Basic Rendering"],
          "fullName": "BottomNavigation Basic Rendering should have correct CSS classes for mobile-only display",
          "status": "passed",
          "title": "should have correct CSS classes for mobile-only display",
          "duration": 1.6275000000000546,
          "failureMessages": [],
          "meta": {}
        },
        {
          "ancestorTitles": ["BottomNavigation", "Basic Rendering"],
          "fullName": "BottomNavigation Basic Rendering should render inner container with correct layout classes",
          "status": "passed",
          "title": "should render inner container with correct layout classes",
          "duration": 1.1365829999999733,
          "failureMessages": [],
          "meta": {}
        },
        {
          "ancestorTitles": ["BottomNavigation", "Navigation Items"],
          "fullName": "BottomNavigation Navigation Items should render all navigation items with correct props",
          "status": "passed",
          "title": "should render all navigation items with correct props",
          "duration": 1.3654999999999973,
          "failureMessages": [],
          "meta": {}
        },
        {
          "ancestorTitles": ["BottomNavigation", "Navigation Items"],
          "fullName": "BottomNavigation Navigation Items should render exactly 3 navigation items",
          "status": "passed",
          "title": "should render exactly 3 navigation items",
          "duration": 1.4246249999999918,
          "failureMessages": [],
          "meta": {}
        },
        {
          "ancestorTitles": ["BottomNavigation", "Navigation Items"],
          "fullName": "BottomNavigation Navigation Items should render navigation items in correct order",
          "status": "passed",
          "title": "should render navigation items in correct order",
          "duration": 1.7767920000000004,
          "failureMessages": [],
          "meta": {}
        },
        {
          "ancestorTitles": ["BottomNavigation", "Navigation Items Configuration"],
          "fullName": "BottomNavigation Navigation Items Configuration should have correct icon and route mappings",
          "status": "passed",
          "title": "should have correct icon and route mappings",
          "duration": 1.7360419999999976,
          "failureMessages": [],
          "meta": {}
        },
        {
          "ancestorTitles": ["BottomNavigation", "Accessibility"],
          "fullName": "BottomNavigation Accessibility should have proper ARIA attributes",
          "status": "passed",
          "title": "should have proper ARIA attributes",
          "duration": 3.6653749999999263,
          "failureMessages": [],
          "meta": {}
        },
        {
          "ancestorTitles": ["BottomNavigation", "Accessibility"],
          "fullName": "BottomNavigation Accessibility should be discoverable by screen readers",
          "status": "passed",
          "title": "should be discoverable by screen readers",
          "duration": 1.8476670000000013,
          "failureMessages": [],
          "meta": {}
        },
        {
          "ancestorTitles": ["BottomNavigation", "Layout Structure"],
          "fullName": "BottomNavigation Layout Structure should have correct DOM structure",
          "status": "passed",
          "title": "should have correct DOM structure",
          "duration": 1.8302499999999782,
          "failureMessages": [],
          "meta": {}
        },
        {
          "ancestorTitles": ["BottomNavigation", "Mobile-Specific Behavior"],
          "fullName": "BottomNavigation Mobile-Specific Behavior should be hidden on desktop (md:hidden class)",
          "status": "passed",
          "title": "should be hidden on desktop (md:hidden class)",
          "duration": 1.2220839999999953,
          "failureMessages": [],
          "meta": {}
        },
        {
          "ancestorTitles": ["BottomNavigation", "Mobile-Specific Behavior"],
          "fullName": "BottomNavigation Mobile-Specific Behavior should be positioned fixed at bottom",
          "status": "passed",
          "title": "should be positioned fixed at bottom",
          "duration": 1.051541000000043,
          "failureMessages": [],
          "meta": {}
        },
        {
          "ancestorTitles": ["BottomNavigation", "Mobile-Specific Behavior"],
          "fullName": "BottomNavigation Mobile-Specific Behavior should have high z-index for overlay behavior",
          "status": "passed",
          "title": "should have high z-index for overlay behavior",
          "duration": 0.8927079999999705,
          "failureMessages": [],
          "meta": {}
        },
        {
          "ancestorTitles": ["BottomNavigation", "Testing Attributes"],
          "fullName": "BottomNavigation Testing Attributes should have data-cy attribute for e2e testing",
          "status": "passed",
          "title": "should have data-cy attribute for e2e testing",
          "duration": 1.2161670000000413,
          "failureMessages": [],
          "meta": {}
        },
        {
          "ancestorTitles": ["BottomNavigation", "Component Integration"],
          "fullName": "BottomNavigation Component Integration should pass correct props to NavigationItem components",
          "status": "passed",
          "title": "should pass correct props to NavigationItem components",
          "duration": 0.9270830000000387,
          "failureMessages": [],
          "meta": {}
        }
      ],
      "startTime": 1749413497224,
      "endTime": 1749413497264.927,
      "status": "passed",
      "message": "",
      "name": "/Users/madrus/dev/biz/toernooien/tournado/app/components/mobileNavigation/__tests__/BottomNavigation.test.tsx"
    },
    {
      "assertionResults": [
        {
          "ancestorTitles": ["NavigationItem", "Basic Rendering"],
          "fullName": "NavigationItem Basic Rendering should render navigation item with correct content",
          "status": "passed",
          "title": "should render navigation item with correct content",
          "duration": 16.239708999999948,
          "failureMessages": [],
          "meta": {}
        },
        {
          "ancestorTitles": ["NavigationItem", "Basic Rendering"],
          "fullName": "NavigationItem Basic Rendering should have correct accessibility attributes",
          "status": "passed",
          "title": "should have correct accessibility attributes",
          "duration": 1.7448329999999714,
          "failureMessages": [],
          "meta": {}
        },
        {
          "ancestorTitles": ["NavigationItem", "Basic Rendering"],
          "fullName": "NavigationItem Basic Rendering should have correct data-cy attribute",
          "status": "passed",
          "title": "should have correct data-cy attribute",
          "duration": 1.27412500000014,
          "failureMessages": [],
          "meta": {}
        },
        {
          "ancestorTitles": ["NavigationItem", "Active State Logic"],
          "fullName": "NavigationItem Active State Logic should show inactive state when not on current route",
          "status": "passed",
          "title": "should show inactive state when not on current route",
          "duration": 1.259999999999991,
          "failureMessages": [],
          "meta": {}
        },
        {
          "ancestorTitles": ["NavigationItem", "Active State Logic"],
          "fullName": "NavigationItem Active State Logic should show active state when on current route",
          "status": "passed",
          "title": "should show active state when on current route",
          "duration": 0.9818749999999454,
          "failureMessages": [],
          "meta": {}
        },
        {
          "ancestorTitles": ["NavigationItem", "Active State Logic"],
          "fullName": "NavigationItem Active State Logic should handle different routes correctly",
          "status": "passed",
          "title": "should handle different routes correctly",
          "duration": 1.8440420000001723,
          "failureMessages": [],
          "meta": {}
        },
        {
          "ancestorTitles": ["NavigationItem", "Icon Properties"],
          "fullName": "NavigationItem Icon Properties should render icon with correct size properties",
          "status": "passed",
          "title": "should render icon with correct size properties",
          "duration": 1.3462090000000444,
          "failureMessages": [],
          "meta": {}
        },
        {
          "ancestorTitles": ["NavigationItem", "Icon Properties"],
          "fullName": "NavigationItem Icon Properties should render icon as inline SVG",
          "status": "passed",
          "title": "should render icon as inline SVG",
          "duration": 0.9668749999998454,
          "failureMessages": [],
          "meta": {}
        },
        {
          "ancestorTitles": ["NavigationItem", "Different Navigation Items"],
          "fullName": "NavigationItem Different Navigation Items should handle different labels and data-cy attributes",
          "status": "passed",
          "title": "should handle different labels and data-cy attributes",
          "duration": 5.008375000000115,
          "failureMessages": [],
          "meta": {}
        },
        {
          "ancestorTitles": ["NavigationItem", "CSS Classes"],
          "fullName": "NavigationItem CSS Classes should have correct structural CSS classes",
          "status": "passed",
          "title": "should have correct structural CSS classes",
          "duration": 1.4226670000000468,
          "failureMessages": [],
          "meta": {}
        }
      ],
      "startTime": 1749413497323,
      "endTime": 1749413497355.4226,
      "status": "passed",
      "message": "",
      "name": "/Users/madrus/dev/biz/toernooien/tournado/app/components/mobileNavigation/__tests__/NavigationItem.test.tsx"
    }
  ],
  "coverageMap": {
    "/Users/madrus/dev/biz/toernooien/tournado/app/components/AppBar.tsx": {
      "path": "/Users/madrus/dev/biz/toernooien/tournado/app/components/AppBar.tsx",
      "all": false,
      "statementMap": {
        "0": {
          "start": { "line": 1, "column": 0 },
          "end": { "line": 1, "column": 50 }
        },
        "1": {
          "start": { "line": 2, "column": 0 },
          "end": { "line": 2, "column": 46 }
        },
        "2": {
          "start": { "line": 3, "column": 0 },
          "end": { "line": 3, "column": 54 }
        },
        "6": {
          "start": { "line": 7, "column": 0 },
          "end": { "line": 7, "column": 44 }
        },
        "7": {
          "start": { "line": 8, "column": 0 },
          "end": { "line": 8, "column": 56 }
        },
        "8": {
          "start": { "line": 9, "column": 0 },
          "end": { "line": 9, "column": 50 }
        },
        "10": {
          "start": { "line": 11, "column": 0 },
          "end": { "line": 11, "column": 47 }
        },
        "11": {
          "start": { "line": 12, "column": 0 },
          "end": { "line": 12, "column": 37 }
        },
        "14": {
          "start": { "line": 15, "column": 0 },
          "end": { "line": 15, "column": 24 }
        },
        "15": {
          "start": { "line": 16, "column": 0 },
          "end": { "line": 16, "column": 16 }
        },
        "16": {
          "start": { "line": 17, "column": 0 },
          "end": { "line": 17, "column": 11 }
        },
        "17": {
          "start": { "line": 18, "column": 0 },
          "end": { "line": 18, "column": 7 }
        },
        "18": {
          "start": { "line": 19, "column": 0 },
          "end": { "line": 19, "column": 4 }
        },
        "23": {
          "start": { "line": 24, "column": 0 },
          "end": { "line": 24, "column": 17 }
        },
        "24": {
          "start": { "line": 25, "column": 0 },
          "end": { "line": 25, "column": 38 }
        },
        "25": {
          "start": { "line": 26, "column": 0 },
          "end": { "line": 26, "column": 32 }
        },
        "26": {
          "start": { "line": 27, "column": 0 },
          "end": { "line": 27, "column": 61 }
        },
        "27": {
          "start": { "line": 28, "column": 0 },
          "end": { "line": 28, "column": 63 }
        },
        "28": {
          "start": { "line": 29, "column": 0 },
          "end": { "line": 29, "column": 37 }
        },
        "30": {
          "start": { "line": 31, "column": 0 },
          "end": { "line": 31, "column": 34 }
        },
        "33": {
          "start": { "line": 34, "column": 0 },
          "end": { "line": 34, "column": 25 }
        },
        "34": {
          "start": { "line": 35, "column": 0 },
          "end": { "line": 35, "column": 73 }
        },
        "37": {
          "start": { "line": 38, "column": 0 },
          "end": { "line": 38, "column": 40 }
        },
        "40": {
          "start": { "line": 41, "column": 0 },
          "end": { "line": 41, "column": 42 }
        },
        "42": {
          "start": { "line": 43, "column": 0 },
          "end": { "line": 43, "column": 28 }
        },
        "43": {
          "start": { "line": 44, "column": 0 },
          "end": { "line": 44, "column": 29 }
        },
        "44": {
          "start": { "line": 45, "column": 0 },
          "end": { "line": 45, "column": 45 }
        },
        "47": {
          "start": { "line": 48, "column": 0 },
          "end": { "line": 48, "column": 43 }
        },
        "48": {
          "start": { "line": 49, "column": 0 },
          "end": { "line": 49, "column": 28 }
        },
        "49": {
          "start": { "line": 50, "column": 0 },
          "end": { "line": 50, "column": 29 }
        },
        "51": {
          "start": { "line": 52, "column": 0 },
          "end": { "line": 52, "column": 74 }
        },
        "52": {
          "start": { "line": 53, "column": 0 },
          "end": { "line": 53, "column": 61 }
        },
        "55": {
          "start": { "line": 56, "column": 0 },
          "end": { "line": 56, "column": 21 }
        },
        "56": {
          "start": { "line": 57, "column": 0 },
          "end": { "line": 57, "column": 53 }
        },
        "57": {
          "start": { "line": 58, "column": 0 },
          "end": { "line": 58, "column": 50 }
        },
        "58": {
          "start": { "line": 59, "column": 0 },
          "end": { "line": 59, "column": 3 }
        },
        "60": {
          "start": { "line": 61, "column": 0 },
          "end": { "line": 61, "column": 25 }
        },
        "61": {
          "start": { "line": 62, "column": 0 },
          "end": { "line": 62, "column": 58 }
        },
        "62": {
          "start": { "line": 63, "column": 0 },
          "end": { "line": 63, "column": 69 }
        },
        "63": {
          "start": { "line": 64, "column": 0 },
          "end": { "line": 64, "column": 16 }
        },
        "65": {
          "start": { "line": 66, "column": 0 },
          "end": { "line": 66, "column": 21 }
        },
        "66": {
          "start": { "line": 67, "column": 0 },
          "end": { "line": 67, "column": 5 }
        },
        "67": {
          "start": { "line": 68, "column": 0 },
          "end": { "line": 68, "column": 38 }
        },
        "68": {
          "start": { "line": 69, "column": 0 },
          "end": { "line": 69, "column": 34 }
        },
        "69": {
          "start": { "line": 70, "column": 0 },
          "end": { "line": 70, "column": 21 }
        },
        "70": {
          "start": { "line": 71, "column": 0 },
          "end": { "line": 71, "column": 27 }
        },
        "71": {
          "start": { "line": 72, "column": 0 },
          "end": { "line": 72, "column": 6 }
        },
        "73": {
          "start": { "line": 74, "column": 0 },
          "end": { "line": 74, "column": 5 }
        },
        "74": {
          "start": { "line": 75, "column": 0 },
          "end": { "line": 75, "column": 16 }
        },
        "75": {
          "start": { "line": 76, "column": 0 },
          "end": { "line": 76, "column": 27 }
        },
        "76": {
          "start": { "line": 77, "column": 0 },
          "end": { "line": 77, "column": 20 }
        },
        "77": {
          "start": { "line": 78, "column": 0 },
          "end": { "line": 78, "column": 27 }
        },
        "78": {
          "start": { "line": 79, "column": 0 },
          "end": { "line": 79, "column": 6 }
        },
        "80": {
          "start": { "line": 81, "column": 0 },
          "end": { "line": 81, "column": 15 }
        },
        "81": {
          "start": { "line": 82, "column": 0 },
          "end": { "line": 82, "column": 9 }
        },
        "82": {
          "start": { "line": 83, "column": 0 },
          "end": { "line": 83, "column": 11 }
        },
        "83": {
          "start": { "line": 84, "column": 0 },
          "end": { "line": 84, "column": 49 }
        },
        "84": {
          "start": { "line": 85, "column": 0 },
          "end": { "line": 85, "column": 53 }
        },
        "85": {
          "start": { "line": 86, "column": 0 },
          "end": { "line": 86, "column": 46 }
        },
        "86": {
          "start": { "line": 87, "column": 0 },
          "end": { "line": 87, "column": 32 }
        },
        "87": {
          "start": { "line": 88, "column": 0 },
          "end": { "line": 88, "column": 12 }
        },
        "88": {
          "start": { "line": 89, "column": 0 },
          "end": { "line": 89, "column": 9 }
        },
        "89": {
          "start": { "line": 90, "column": 0 },
          "end": { "line": 90, "column": 12 }
        },
        "90": {
          "start": { "line": 91, "column": 0 },
          "end": { "line": 91, "column": 5 }
        },
        "91": {
          "start": { "line": 92, "column": 0 },
          "end": { "line": 92, "column": 40 }
        },
        "92": {
          "start": { "line": 93, "column": 0 },
          "end": { "line": 93, "column": 23 }
        },
        "93": {
          "start": { "line": 94, "column": 0 },
          "end": { "line": 94, "column": 33 }
        },
        "94": {
          "start": { "line": 95, "column": 0 },
          "end": { "line": 95, "column": 26 }
        },
        "95": {
          "start": { "line": 96, "column": 0 },
          "end": { "line": 96, "column": 6 }
        },
        "96": {
          "start": { "line": 97, "column": 0 },
          "end": { "line": 97, "column": 5 }
        },
        "97": {
          "start": { "line": 98, "column": 0 },
          "end": { "line": 98, "column": 41 }
        },
        "98": {
          "start": { "line": 99, "column": 0 },
          "end": { "line": 99, "column": 24 }
        },
        "99": {
          "start": { "line": 100, "column": 0 },
          "end": { "line": 100, "column": 35 }
        },
        "100": {
          "start": { "line": 101, "column": 0 },
          "end": { "line": 101, "column": 26 }
        },
        "101": {
          "start": { "line": 102, "column": 0 },
          "end": { "line": 102, "column": 6 }
        },
        "102": {
          "start": { "line": 103, "column": 0 },
          "end": { "line": 103, "column": 5 }
        },
        "103": {
          "start": { "line": 104, "column": 0 },
          "end": { "line": 104, "column": 38 }
        },
        "104": {
          "start": { "line": 105, "column": 0 },
          "end": { "line": 105, "column": 31 }
        },
        "105": {
          "start": { "line": 106, "column": 0 },
          "end": { "line": 106, "column": 21 }
        },
        "106": {
          "start": { "line": 107, "column": 0 },
          "end": { "line": 107, "column": 27 }
        },
        "107": {
          "start": { "line": 108, "column": 0 },
          "end": { "line": 108, "column": 6 }
        },
        "108": {
          "start": { "line": 109, "column": 0 },
          "end": { "line": 109, "column": 5 }
        },
        "109": {
          "start": { "line": 110, "column": 0 },
          "end": { "line": 110, "column": 34 }
        },
        "110": {
          "start": { "line": 111, "column": 0 },
          "end": { "line": 111, "column": 35 }
        },
        "111": {
          "start": { "line": 112, "column": 0 },
          "end": { "line": 112, "column": 39 }
        },
        "112": {
          "start": { "line": 113, "column": 0 },
          "end": { "line": 113, "column": 25 }
        },
        "113": {
          "start": { "line": 114, "column": 0 },
          "end": { "line": 114, "column": 30 }
        },
        "114": {
          "start": { "line": 115, "column": 0 },
          "end": { "line": 115, "column": 54 }
        },
        "115": {
          "start": { "line": 116, "column": 0 },
          "end": { "line": 116, "column": 51 }
        },
        "116": {
          "start": { "line": 117, "column": 0 },
          "end": { "line": 117, "column": 10 }
        },
        "117": {
          "start": { "line": 118, "column": 0 },
          "end": { "line": 118, "column": 27 }
        },
        "118": {
          "start": { "line": 119, "column": 0 },
          "end": { "line": 119, "column": 6 }
        },
        "119": {
          "start": { "line": 120, "column": 0 },
          "end": { "line": 120, "column": 5 }
        },
        "120": {
          "start": { "line": 121, "column": 0 },
          "end": { "line": 121, "column": 68 }
        },
        "121": {
          "start": { "line": 122, "column": 0 },
          "end": { "line": 122, "column": 63 }
        },
        "122": {
          "start": { "line": 123, "column": 0 },
          "end": { "line": 123, "column": 33 }
        },
        "123": {
          "start": { "line": 124, "column": 0 },
          "end": { "line": 124, "column": 15 }
        },
        "124": {
          "start": { "line": 125, "column": 0 },
          "end": { "line": 125, "column": 33 }
        },
        "125": {
          "start": { "line": 126, "column": 0 },
          "end": { "line": 126, "column": 115 }
        },
        "127": {
          "start": { "line": 128, "column": 0 },
          "end": { "line": 128, "column": 79 }
        },
        "128": {
          "start": { "line": 129, "column": 0 },
          "end": { "line": 129, "column": 60 }
        },
        "129": {
          "start": { "line": 130, "column": 0 },
          "end": { "line": 130, "column": 17 }
        },
        "130": {
          "start": { "line": 131, "column": 0 },
          "end": { "line": 131, "column": 29 }
        },
        "131": {
          "start": { "line": 132, "column": 0 },
          "end": { "line": 132, "column": 17 }
        },
        "133": {
          "start": { "line": 134, "column": 0 },
          "end": { "line": 134, "column": 23 }
        },
        "134": {
          "start": { "line": 135, "column": 0 },
          "end": { "line": 135, "column": 81 }
        },
        "135": {
          "start": { "line": 136, "column": 0 },
          "end": { "line": 136, "column": 105 }
        },
        "136": {
          "start": { "line": 137, "column": 0 },
          "end": { "line": 137, "column": 32 }
        },
        "138": {
          "start": { "line": 139, "column": 0 },
          "end": { "line": 139, "column": 79 }
        },
        "139": {
          "start": { "line": 140, "column": 0 },
          "end": { "line": 140, "column": 59 }
        },
        "140": {
          "start": { "line": 141, "column": 0 },
          "end": { "line": 141, "column": 17 }
        },
        "141": {
          "start": { "line": 142, "column": 0 },
          "end": { "line": 142, "column": 28 }
        },
        "142": {
          "start": { "line": 143, "column": 0 },
          "end": { "line": 143, "column": 25 }
        },
        "144": {
          "start": { "line": 145, "column": 0 },
          "end": { "line": 145, "column": 27 }
        },
        "145": {
          "start": { "line": 146, "column": 0 },
          "end": { "line": 146, "column": 6 }
        },
        "146": {
          "start": { "line": 147, "column": 0 },
          "end": { "line": 147, "column": 3 }
        },
        "148": {
          "start": { "line": 149, "column": 0 },
          "end": { "line": 149, "column": 10 }
        },
        "149": {
          "start": { "line": 150, "column": 0 },
          "end": { "line": 150, "column": 6 }
        },
        "150": {
          "start": { "line": 151, "column": 0 },
          "end": { "line": 151, "column": 85 }
        },
        "152": {
          "start": { "line": 153, "column": 0 },
          "end": { "line": 153, "column": 109 }
        },
        "153": {
          "start": { "line": 154, "column": 0 },
          "end": { "line": 154, "column": 78 }
        },
        "154": {
          "start": { "line": 155, "column": 0 },
          "end": { "line": 155, "column": 16 }
        },
        "155": {
          "start": { "line": 156, "column": 0 },
[...]
          "end": { "line": 398, "column": 79 }
        },
        "398": {
          "start": { "line": 399, "column": 0 },
          "end": { "line": 399, "column": 18 }
        },
        "399": {
          "start": { "line": 400, "column": 0 },
          "end": { "line": 400, "column": 51 }
        },
        "400": {
          "start": { "line": 401, "column": 0 },
          "end": { "line": 401, "column": 75 }
        },
        "401": {
          "start": { "line": 402, "column": 0 },
          "end": { "line": 402, "column": 56 }
        },
        "402": {
          "start": { "line": 403, "column": 0 },
          "end": { "line": 403, "column": 18 }
        },
        "403": {
          "start": { "line": 404, "column": 0 },
          "end": { "line": 404, "column": 19 }
        },
        "404": {
          "start": { "line": 405, "column": 0 },
          "end": { "line": 405, "column": 14 }
        },
        "407": {
          "start": { "line": 408, "column": 0 },
          "end": { "line": 408, "column": 35 }
        },
        "408": {
          "start": { "line": 409, "column": 0 },
          "end": { "line": 409, "column": 17 }
        },
        "409": {
          "start": { "line": 410, "column": 0 },
          "end": { "line": 410, "column": 25 }
        },
        "410": {
          "start": { "line": 411, "column": 0 },
          "end": { "line": 411, "column": 189 }
        },
        "412": {
          "start": { "line": 413, "column": 0 },
          "end": { "line": 413, "column": 29 }
        },
        "413": {
          "start": { "line": 414, "column": 0 },
          "end": { "line": 414, "column": 19 }
        },
        "414": {
          "start": { "line": 415, "column": 0 },
          "end": { "line": 415, "column": 14 }
        },
        "415": {
          "start": { "line": 416, "column": 0 },
          "end": { "line": 416, "column": 13 }
        },
        "416": {
          "start": { "line": 417, "column": 0 },
          "end": { "line": 417, "column": 10 }
        },
        "418": {
          "start": { "line": 419, "column": 0 },
          "end": { "line": 419, "column": 1 }
        }
      },
      "s": {
        "0": 0,
        "1": 0,
        "2": 0,
        "13": 0,
        "14": 0,
        "15": 0,
        "16": 0,
        "19": 0,
        "20": 0,
        "21": 0,
        "22": 0,
        "23": 0,
        "24": 0,
        "25": 0,
        "26": 0,
        "27": 0,
        "28": 0,
        "29": 0,
        "30": 0,
        "31": 0,
        "32": 0,
        "33": 0,
        "36": 0,
        "37": 0,
        "38": 0,
        "39": 0,
        "76": 0,
        "77": 0,
        "78": 0,
        "79": 0,
        "82": 0,
        "83": 0,
        "84": 0,
        "85": 0,
        "86": 0,
        "87": 0,
        "88": 0,
        "89": 0,
        "90": 0,
        "91": 0,
        "93": 0,
        "94": 0,
        "95": 0,
        "96": 0,
        "97": 0,
        "98": 0,
        "99": 0,
        "100": 0,
        "101": 0,
        "103": 0,
        "104": 0,
        "107": 0,
        "108": 0,
        "109": 0,
        "110": 0,
        "111": 0,
        "112": 0,
        "113": 0,
        "114": 0,
        "116": 0,
        "119": 0,
        "120": 0,
        "121": 0,
        "123": 0,
        "124": 0,
        "125": 0,
        "127": 0,
        "128": 0,
        "129": 0,
        "131": 0,
        "132": 0,
        "133": 0,
        "135": 0,
        "136": 0,
        "137": 0,
        "139": 0,
        "140": 0,
        "141": 0,
        "143": 0,
        "144": 0,
        "145": 0,
        "146": 0,
        "147": 0,
        "149": 0,
        "150": 0,
        "151": 0,
        "153": 0,
        "154": 0,
        "155": 0,
        "158": 0,
        "159": 0,
        "160": 0,
        "162": 0,
        "163": 0,
        "164": 0,
        "166": 0,
        "168": 0,
        "169": 0,
        "170": 0,
        "171": 0,
        "172": 0,
        "173": 0,
        "174": 0,
        "175": 0,
        "178": 0,
        "179": 0,
        "180": 0,
        "182": 0,
        "183": 0,
        "184": 0,
        "185": 0,
        "186": 0,
        "187": 0,
        "189": 0,
        "190": 0,
        "191": 0,
        "192": 0,
        "193": 0,
        "194": 0,
        "196": 0,
        "197": 0,
        "199": 0,
        "200": 0,
        "201": 0,
        "202": 0,
        "203": 0,
        "204": 0,
        "205": 0,
        "207": 0,
        "208": 0,
        "209": 0,
        "210": 0,
        "211": 0,
        "212": 0,
        "213": 0,
        "216": 0,
        "217": 0,
        "218": 0,
        "219": 0,
        "220": 0,
        "221": 0,
        "223": 0,
        "225": 0,
        "226": 0,
        "227": 0,
        "228": 0,
        "229": 0,
        "230": 0,
        "231": 0,
        "232": 0,
        "233": 0,
        "234": 0,
        "237": 0,
        "238": 0,
        "239": 0,
        "240": 0,
        "242": 0,
        "245": 0,
        "246": 0,
        "247": 0,
        "249": 0,
        "251": 0,
        "252": 0,
        "253": 0,
        "254": 0,
        "257": 0,
        "258": 0,
        "259": 0,
        "260": 0,
        "261": 0,
        "262": 0,
        "263": 0,
        "264": 0,
        "265": 0,
        "268": 0,
        "269": 0,
        "270": 0,
        "271": 0,
        "272": 0,
        "273": 0,
        "274": 0,
        "275": 0,
        "276": 0,
        "277": 0,
        "278": 0,
        "279": 0,
        "280": 0,
        "281": 0,
        "282": 0,
        "285": 0,
        "286": 0,
        "287": 0,
        "288": 0,
        "289": 0,
        "290": 0,
        "291": 0,
        "292": 0,
        "293": 0,
        "295": 0,
        "296": 0,
        "299": 0,
        "300": 0,
        "301": 0,
        "302": 0,
        "303": 0,
        "304": 0,
        "305": 0,
        "306": 0,
        "307": 0,
        "308": 0,
        "310": 0,
        "311": 0,
        "314": 0,
        "315": 0,
        "316": 0,
        "317": 0,
        "318": 0,
        "319": 0,
        "320": 0,
        "321": 0,
        "322": 0,
        "323": 0,
        "325": 0,
        "326": 0,
        "329": 0,
        "330": 0,
        "331": 0,
        "332": 0,
        "335": 0,
        "336": 0,
        "337": 0,
        "338": 0,
        "339": 0,
        "340": 0,
        "341": 0,
        "342": 0,
        "343": 0,
        "345": 0,
        "346": 0,
        "349": 0,
        "350": 0,
        "351": 0,
        "352": 0,
        "353": 0,
        "354": 0,
        "355": 0,
        "356": 0,
        "357": 0,
        "358": 0,
        "360": 0,
        "361": 0,
        "364": 0,
        "365": 0,
        "366": 0,
        "367": 0,
        "368": 0,
        "369": 0,
        "370": 0,
        "371": 0,
        "372": 0,
        "373": 0,
        "374": 0,
        "375": 0,
        "376": 0,
        "377": 0,
        "379": 0,
        "380": 0,
        "381": 0,
        "384": 0,
        "385": 0,
        "386": 0,
        "387": 0,
        "388": 0,
        "389": 0,
        "390": 0,
        "391": 0,
        "392": 0,
        "393": 0,
        "394": 0,
        "396": 0,
        "397": 0,
        "398": 0,
        "399": 0,
        "400": 0,
        "401": 0,
        "402": 0,
        "403": 0,
        "404": 0,
        "407": 0,
        "408": 0,
        "409": 0,
        "410": 0,
        "412": 0,
        "413": 0,
        "414": 0,
        "415": 0,
        "416": 0,
        "418": 0
      },
      "branchMap": {
        "0": {
          "type": "branch",
          "line": 1,
          "loc": {
            "start": { "line": 1, "column": 12790 },
            "end": { "line": 419, "column": 1 }
          },
          "locations": [
            {
              "start": { "line": 1, "column": 12790 },
              "end": { "line": 419, "column": 1 }
            }
          ]
        }
      },
      "b": { "0": [0] },
      "fnMap": {
        "0": {
          "name": "(empty-report)",
          "decl": {
            "start": { "line": 1, "column": 12790 },
            "end": { "line": 419, "column": 1 }
          },
          "loc": {
            "start": { "line": 1, "column": 12790 },
            "end": { "line": 419, "column": 1 }
          },
          "line": 1
        }
      },
      "f": { "0": 0 }
    },
    "/Users/madrus/dev/biz/toernooien/tournado/app/routes/a7k9m2x5p8w1n4q6r3y8b5t1/a7k9m2x5p8w1n4q6r3y8b5t1._index.tsx": {
      "path": "/Users/madrus/dev/biz/toernooien/tournado/app/routes/a7k9m2x5p8w1n4q6r3y8b5t1/a7k9m2x5p8w1n4q6r3y8b5t1._index.tsx",
      "all": true,
      "statementMap": {
        "1": {
          "start": { "line": 2, "column": 0 },
          "end": { "line": 2, "column": 63 }
        },
        "6": {
          "start": { "line": 7, "column": 0 },
          "end": { "line": 7, "column": 68 }
        },
        "12": {
          "start": { "line": 13, "column": 0 },
          "end": { "line": 13, "column": 37 }
        },
        "17": {
          "start": { "line": 18, "column": 0 },
          "end": { "line": 18, "column": 41 }
        },
        "18": {
          "start": { "line": 19, "column": 0 },
          "end": { "line": 19, "column": 38 }
        },
        "19": {
          "start": { "line": 20, "column": 0 },
          "end": { "line": 20, "column": 3 }
        },
        "20": {
          "start": { "line": 21, "column": 0 },
          "end": { "line": 21, "column": 24 }
        },
        "21": {
          "start": { "line": 22, "column": 0 },
          "end": { "line": 22, "column": 87 }
        },
        "22": {
          "start": { "line": 23, "column": 0 },
          "end": { "line": 23, "column": 4 }
        },
        "23": {
          "start": { "line": 24, "column": 0 },
          "end": { "line": 24, "column": 62 }
        },
        "24": {
          "start": { "line": 25, "column": 0 },
          "end": { "line": 25, "column": 3 }
        },
        "25": {
          "start": { "line": 26, "column": 0 },
          "end": { "line": 26, "column": 31 }
        },
        "26": {
          "start": { "line": 27, "column": 0 },
          "end": { "line": 27, "column": 87 }
        },
        "27": {
          "start": { "line": 28, "column": 0 },
          "end": { "line": 28, "column": 4 }
        },
        "28": {
          "start": { "line": 29, "column": 0 },
          "end": { "line": 29, "column": 46 }
        },
        "29": {
          "start": { "line": 30, "column": 0 },
          "end": { "line": 30, "column": 1 }
        },
        "31": {
          "start": { "line": 32, "column": 0 },
          "end": { "line": 32, "column": 38 }
        },
        "32": {
          "start": { "line": 33, "column": 0 },
          "end": { "line": 33, "column": 18 }
        },
        "33": {
          "start": { "line": 34, "column": 0 },
          "end": { "line": 34, "column": 23 }
        },
        "34": {
          "start": { "line": 35, "column": 0 },
          "end": { "line": 35, "column": 9 }
        },
        "35": {
          "start": { "line": 36, "column": 0 },
          "end": { "line": 36, "column": 19 }
        },
        "36": {
          "start": { "line": 37, "column": 0 },
          "end": { "line": 37, "column": 31 }
        },
        "37": {
          "start": { "line": 38, "column": 0 },
          "end": { "line": 38, "column": 27 }
        },
        "38": {
          "start": { "line": 39, "column": 0 },
          "end": { "line": 39, "column": 4 }
        },
        "39": {
          "start": { "line": 40, "column": 0 },
          "end": { "line": 40, "column": 18 }
        },
        "41": {
          "start": { "line": 42, "column": 0 },
          "end": { "line": 42, "column": 29 }
        },
        "42": {
          "start": { "line": 43, "column": 0 },
          "end": { "line": 43, "column": 25 }
        },
        "43": {
          "start": { "line": 44, "column": 0 },
          "end": { "line": 44, "column": 32 }
        },
        "44": {
          "start": { "line": 45, "column": 0 },
          "end": { "line": 45, "column": 4 }
        },
        "45": {
          "start": { "line": 46, "column": 0 },
          "end": { "line": 46, "column": 15 }
        },
        "46": {
          "start": { "line": 47, "column": 0 },
          "end": { "line": 47, "column": 20 }
        },
        "48": {
          "start": { "line": 49, "column": 0 },
          "end": { "line": 49, "column": 78 }
        },
        "49": {
          "start": { "line": 50, "column": 0 },
          "end": { "line": 50, "column": 4 }
        },
        "50": {
          "start": { "line": 51, "column": 0 },
          "end": { "line": 51, "column": 1 }
        },
        "52": {
          "start": { "line": 53, "column": 0 },
          "end": { "line": 53, "column": 76 }
        },
        "54": {
          "start": { "line": 55, "column": 0 },
          "end": { "line": 55, "column": 61 }
        },
        "55": {
          "start": { "line": 56, "column": 0 },
          "end": { "line": 56, "column": 17 }
        },
        "56": {
          "start": { "line": 57, "column": 0 },
          "end": { "line": 57, "column": 1 }
        },
        "58": {
          "start": { "line": 59, "column": 0 },
          "end": { "line": 59, "column": 55 }
        },
        "59": {
          "start": { "line": 60, "column": 0 },
          "end": { "line": 60, "column": 46 }
        },
        "61": {
          "start": { "line": 62, "column": 0 },
          "end": { "line": 62, "column": 10 }
        },
        "62": {
          "start": { "line": 63, "column": 0 },
          "end": { "line": 63, "column": 47 }
        },
        "63": {
          "start": { "line": 64, "column": 0 },
          "end": { "line": 64, "column": 64 }
        },
        "64": {
          "start": { "line": 65, "column": 0 },
          "end": { "line": 65, "column": 71 }
        },
        "65": {
          "start": { "line": 66, "column": 0 },
          "end": { "line": 66, "column": 83 }
        },
        "66": {
          "start": { "line": 67, "column": 0 },
          "end": { "line": 67, "column": 35 }
        },
        "67": {
          "start": { "line": 68, "column": 0 },
          "end": { "line": 68, "column": 13 }
        },
        "68": {
          "start": { "line": 69, "column": 0 },
          "end": { "line": 69, "column": 55 }
        },
        "69": {
          "start": { "line": 70, "column": 0 },
          "end": { "line": 70, "column": 14 }
        },
        "70": {
          "start": { "line": 71, "column": 0 },
          "end": { "line": 71, "column": 13 }
        },
        "71": {
          "start": { "line": 72, "column": 0 },
          "end": { "line": 72, "column": 47 }
        },
        "72": {
          "start": { "line": 73, "column": 0 },
          "end": { "line": 73, "column": 14 }
        },
        "73": {
          "start": { "line": 74, "column": 0 },
          "end": { "line": 74, "column": 14 }
        },
        "74": {
          "start": { "line": 75, "column": 0 },
          "end": { "line": 75, "column": 12 }
        },
        "76": {
          "start": { "line": 77, "column": 0 },
          "end": { "line": 77, "column": 64 }
        },
        "77": {
          "start": { "line": 78, "column": 0 },
          "end": { "line": 78, "column": 77 }
        },
        "78": {
          "start": { "line": 79, "column": 0 },
          "end": { "line": 79, "column": 87 }
        },
        "79": {
          "start": { "line": 80, "column": 0 },
          "end": { "line": 80, "column": 87 }
        },
        "81": {
          "start": { "line": 82, "column": 0 },
          "end": { "line": 82, "column": 17 }
        },
        "82": {
          "start": { "line": 83, "column": 0 },
          "end": { "line": 83, "column": 12 }
        },
        "84": {
          "start": { "line": 85, "column": 0 },
          "end": { "line": 85, "column": 64 }
        },
        "85": {
          "start": { "line": 86, "column": 0 },
          "end": { "line": 86, "column": 71 }
        },
        "86": {
          "start": { "line": 87, "column": 0 },
          "end": { "line": 87, "column": 42 }
        },
        "88": {
          "start": { "line": 89, "column": 0 },
          "end": { "line": 89, "column": 12 }
        },
        "89": {
          "start": { "line": 90, "column": 0 },
          "end": { "line": 90, "column": 87 }
        },
        "91": {
          "start": { "line": 92, "column": 0 },
          "end": { "line": 92, "column": 17 }
        },
        "92": {
          "start": { "line": 93, "column": 0 },
          "end": { "line": 93, "column": 12 }
        },
        "94": {
          "start": { "line": 95, "column": 0 },
          "end": { "line": 95, "column": 64 }
        },
        "95": {
          "start": { "line": 96, "column": 0 },
          "end": { "line": 96, "column": 75 }
        },
        "96": {
          "start": { "line": 97, "column": 0 },
          "end": { "line": 97, "column": 42 }
        },
        "98": {
          "start": { "line": 99, "column": 0 },
          "end": { "line": 99, "column": 12 }
        },
        "99": {
          "start": { "line": 100, "column": 0 },
          "end": { "line": 100, "column": 89 }
        },
        "101": {
          "start": { "line": 102, "column": 0 },
          "end": { "line": 102, "column": 17 }
        },
        "102": {
          "start": { "line": 103, "column": 0 },
          "end": { "line": 103, "column": 12 }
        },
        "103": {
          "start": { "line": 104, "column": 0 },
          "end": { "line": 104, "column": 10 }
        },
        "105": {
          "start": { "line": 106, "column": 0 },
          "end": { "line": 106, "column": 1 }
        }
      },
      "s": {
        "1": 0,
        "6": 0,
        "12": 0,
        "17": 0,
        "18": 0,
        "19": 0,
        "20": 0,
        "21": 0,
        "22": 0,
        "23": 0,
        "24": 0,
        "25": 0,
        "26": 0,
        "27": 0,
        "28": 0,
        "29": 0,
        "31": 0,
        "32": 0,
        "33": 0,
        "34": 0,
        "35": 0,
        "36": 0,
        "37": 0,
        "38": 0,
        "39": 0,
        "41": 0,
        "42": 0,
        "43": 0,
        "44": 0,
        "45": 0,
        "46": 0,
        "48": 0,
        "49": 0,
        "50": 0,
        "52": 0,
        "54": 0,
        "55": 0,
        "56": 0,
        "58": 0,
        "59": 0,
        "61": 0,
        "62": 0,
        "63": 0,
        "64": 0,
        "65": 0,
        "66": 0,
        "67": 0,
        "68": 0,
        "69": 0,
        "70": 0,
        "71": 0,
        "72": 0,
        "73": 0,
        "74": 0,
        "76": 0,
        "77": 0,
        "78": 0,
        "79": 0,
        "81": 0,
        "82": 0,
        "84": 0,
        "85": 0,
        "86": 0,
        "88": 0,
        "89": 0,
        "91": 0,
        "92": 0,
        "94": 0,
        "95": 0,
        "96": 0,
        "98": 0,
        "99": 0,
        "101": 0,
        "102": 0,
        "103": 0,
        "105": 0
      },
      "branchMap": {
        "0": {
          "type": "branch",
          "line": 1,
          "loc": {
            "start": { "line": 1, "column": 3380 },
            "end": { "line": 106, "column": 1 }
          },
          "locations": [
            {
              "start": { "line": 1, "column": 3380 },
              "end": { "line": 106, "column": 1 }
            }
          ]
        }
      },
      "b": { "0": [1] },
      "fnMap": {
        "0": {
          "name": "(empty-report)",
          "decl": {
            "start": { "line": 1, "column": 3380 },
            "end": { "line": 106, "column": 1 }
          },
          "loc": {
            "start": { "line": 1, "column": 3380 },
            "end": { "line": 106, "column": 1 }
          },
          "line": 1
        }
      },
      "f": { "0": 1 }
    }
  }
}
